This file contains any messages produced by compilers while
running configure, to aid debugging if configure makes a mistake.

It was created by DOMjudge configure 7.3.0, which was
generated by GNU Autoconf 2.69.  Invocation command line was

  $ ./configure --prefix=/home/oem/domjudge

## --------- ##
## Platform. ##
## --------- ##

hostname = oem-DREAMSYS
uname -m = x86_64
uname -r = 5.0.0-32-generic
uname -s = Linux
uname -v = #34~18.04.2-Ubuntu SMP Thu Oct 10 10:36:02 UTC 2019

/usr/bin/uname -p = unknown
/bin/uname -X     = unknown

/bin/arch              = unknown
/usr/bin/arch -k       = unknown
/usr/convex/getsysinfo = unknown
/usr/bin/hostinfo      = unknown
/bin/machine           = unknown
/usr/bin/oslevel       = unknown
/bin/universe          = unknown

PATH: /home/oem/anaconda3/condabin
PATH: /home/oem/.local/bin
PATH: /usr/local/sbin
PATH: /usr/local/bin
PATH: /usr/sbin
PATH: /usr/bin
PATH: /sbin
PATH: /bin
PATH: /usr/games
PATH: /usr/local/games


## ----------- ##
## Core tests. ##
## ----------- ##

configure:2532: checking whether configure should try to set CFLAGS
configure:2536: result: yes
configure:2532: checking whether configure should try to set CXXFLAGS
configure:2536: result: yes
configure:2532: checking whether configure should try to set LDFLAGS
configure:2536: result: yes
configure:2591: checking for gcc
configure:2607: found /usr/bin/gcc
configure:2618: result: gcc
configure:2847: checking for C compiler version
configure:2856: gcc --version >&5
gcc (Ubuntu 7.5.0-3ubuntu1~18.04) 7.5.0
Copyright (C) 2017 Free Software Foundation, Inc.
This is free software; see the source for copying conditions.  There is NO
warranty; not even for MERCHANTABILITY or FITNESS FOR A PARTICULAR PURPOSE.

configure:2867: $? = 0
configure:2856: gcc -v >&5
Using built-in specs.
COLLECT_GCC=gcc
COLLECT_LTO_WRAPPER=/usr/lib/gcc/x86_64-linux-gnu/7/lto-wrapper
OFFLOAD_TARGET_NAMES=nvptx-none
OFFLOAD_TARGET_DEFAULT=1
Target: x86_64-linux-gnu
Configured with: ../src/configure -v --with-pkgversion='Ubuntu 7.5.0-3ubuntu1~18.04' --with-bugurl=file:///usr/share/doc/gcc-7/README.Bugs --enable-languages=c,ada,c++,go,brig,d,fortran,objc,obj-c++ --prefix=/usr --with-gcc-major-version-only --program-suffix=-7 --program-prefix=x86_64-linux-gnu- --enable-shared --enable-linker-build-id --libexecdir=/usr/lib --without-included-gettext --enable-threads=posix --libdir=/usr/lib --enable-nls --enable-bootstrap --enable-clocale=gnu --enable-libstdcxx-debug --enable-libstdcxx-time=yes --with-default-libstdcxx-abi=new --enable-gnu-unique-object --disable-vtable-verify --enable-libmpx --enable-plugin --enable-default-pie --with-system-zlib --with-target-system-zlib --enable-objc-gc=auto --enable-multiarch --disable-werror --with-arch-32=i686 --with-abi=m64 --with-multilib-list=m32,m64,mx32 --enable-multilib --with-tune=generic --enable-offload-targets=nvptx-none --without-cuda-driver --enable-checking=release --build=x86_64-linux-gnu --host=x86_64-linux-gnu --target=x86_64-linux-gnu
Thread model: posix
gcc version 7.5.0 (Ubuntu 7.5.0-3ubuntu1~18.04) 
configure:2867: $? = 0
configure:2856: gcc -V >&5
gcc: error: unrecognized command line option '-V'
gcc: fatal error: no input files
compilation terminated.
configure:2867: $? = 1
configure:2856: gcc -qversion >&5
gcc: error: unrecognized command line option '-qversion'; did you mean '--version'?
gcc: fatal error: no input files
compilation terminated.
configure:2867: $? = 1
configure:2887: checking whether the C compiler works
configure:2909: gcc    conftest.c  >&5
configure:2913: $? = 0
configure:2961: result: yes
configure:2964: checking for C compiler default output file name
configure:2966: result: a.out
configure:2972: checking for suffix of executables
configure:2979: gcc -o conftest    conftest.c  >&5
configure:2983: $? = 0
configure:3005: result: 
configure:3027: checking whether we are cross compiling
configure:3035: gcc -o conftest    conftest.c  >&5
configure:3039: $? = 0
configure:3046: ./conftest
configure:3050: $? = 0
configure:3065: result: no
configure:3070: checking for suffix of object files
configure:3092: gcc -c   conftest.c >&5
configure:3096: $? = 0
configure:3117: result: o
configure:3121: checking whether we are using the GNU C compiler
configure:3140: gcc -c   conftest.c >&5
configure:3140: $? = 0
configure:3149: result: yes
configure:3158: checking whether gcc accepts -g
configure:3178: gcc -c -g  conftest.c >&5
configure:3178: $? = 0
configure:3219: result: yes
configure:3236: checking for gcc option to accept ISO C89
configure:3299: gcc  -c -g -O2  conftest.c >&5
configure:3299: $? = 0
configure:3312: result: none needed
configure:3339: checking whether C compiler accepts -Wall
configure:3358: gcc -c -g -O2  -Wall  conftest.c >&5
configure:3358: $? = 0
configure:3367: result: yes
configure:3383: : DEF_CXFLAGS="$DEF_CXFLAGS"
configure:3386: $? = 0
configure:3414: checking whether C compiler accepts -fstack-protector
configure:3433: gcc -c -g -O2  -fstack-protector  conftest.c >&5
configure:3433: $? = 0
configure:3442: result: yes
configure:3458: : DEF_CXFLAGS="$DEF_CXFLAGS"
configure:3461: $? = 0
configure:3489: checking whether C compiler accepts -fPIE
configure:3508: gcc -c -g -O2  -fPIE  conftest.c >&5
configure:3508: $? = 0
configure:3517: result: yes
configure:3533: : DEF_CXFLAGS="$DEF_CXFLAGS"
configure:3536: $? = 0
configure:3564: checking whether C compiler accepts -D_FORTIFY_SOURCE=2
configure:3583: gcc -c -g -O2  -D_FORTIFY_SOURCE=2  conftest.c >&5
configure:3583: $? = 0
configure:3592: result: yes
configure:3608: : DEF_CXFLAGS="$DEF_CXFLAGS"
configure:3611: $? = 0
configure:3639: checking whether the linker accepts -fPIE
configure:3658: gcc -o conftest -g -O2    -fPIE conftest.c  >&5
configure:3658: $? = 0
configure:3668: result: yes
configure:3684: : DEF_LDFLAGS="$DEF_LDFLAGS"
configure:3687: $? = 0
configure:3639: checking whether the linker accepts -pie
configure:3658: gcc -o conftest -g -O2    -pie conftest.c  >&5
configure:3658: $? = 0
configure:3668: result: yes
configure:3684: : DEF_LDFLAGS="$DEF_LDFLAGS"
configure:3687: $? = 0
configure:3715: checking whether the linker accepts -Wl,-z,relro
configure:3734: gcc -o conftest -g -O2    -Wl,-z,relro conftest.c  >&5
configure:3734: $? = 0
configure:3744: result: yes
configure:3760: : DEF_LDFLAGS="$DEF_LDFLAGS"
configure:3763: $? = 0
configure:3791: checking whether the linker accepts -Wl,-z,now
configure:3810: gcc -o conftest -g -O2    -Wl,-z,now conftest.c  >&5
configure:3810: $? = 0
configure:3820: result: yes
configure:3836: : DEF_LDFLAGS="$DEF_LDFLAGS"
configure:3839: $? = 0
configure:3887: checking domjudge-user
configure:3904: result: oem (default: current user)
configure:3913: checking webserver-group
configure:3934: result: www-data (detected)
configure:3949: checking runuser
configure:3961: result: domjudge-run (default)
configure:3970: checking rungroup
configure:3982: result: domjudge-run (default)
configure:3992: checking for cgroup_init in -lcgroup
configure:4017: gcc -o conftest -g -O2 -Wall -fstack-protector -fPIE -D_FORTIFY_SOURCE=2   -fPIE -pie -Wl,-z,relro -Wl,-z,now conftest.c -lcgroup   >&5
configure:4017: $? = 0
configure:4026: result: yes
configure:4412: checking baseurl
configure:4500: checking for g++
configure:4516: found /usr/bin/g++
configure:4527: result: g++
configure:4554: checking for C++ compiler version
configure:4563: g++ --version >&5
g++ (Ubuntu 7.5.0-3ubuntu1~18.04) 7.5.0
Copyright (C) 2017 Free Software Foundation, Inc.
This is free software; see the source for copying conditions.  There is NO
warranty; not even for MERCHANTABILITY or FITNESS FOR A PARTICULAR PURPOSE.

configure:4574: $? = 0
configure:4563: g++ -v >&5
Using built-in specs.
COLLECT_GCC=g++
COLLECT_LTO_WRAPPER=/usr/lib/gcc/x86_64-linux-gnu/7/lto-wrapper
OFFLOAD_TARGET_NAMES=nvptx-none
OFFLOAD_TARGET_DEFAULT=1
Target: x86_64-linux-gnu
Configured with: ../src/configure -v --with-pkgversion='Ubuntu 7.5.0-3ubuntu1~18.04' --with-bugurl=file:///usr/share/doc/gcc-7/README.Bugs --enable-languages=c,ada,c++,go,brig,d,fortran,objc,obj-c++ --prefix=/usr --with-gcc-major-version-only --program-suffix=-7 --program-prefix=x86_64-linux-gnu- --enable-shared --enable-linker-build-id --libexecdir=/usr/lib --without-included-gettext --enable-threads=posix --libdir=/usr/lib --enable-nls --enable-bootstrap --enable-clocale=gnu --enable-libstdcxx-debug --enable-libstdcxx-time=yes --with-default-libstdcxx-abi=new --enable-gnu-unique-object --disable-vtable-verify --enable-libmpx --enable-plugin --enable-default-pie --with-system-zlib --with-target-system-zlib --enable-objc-gc=auto --enable-multiarch --disable-werror --with-arch-32=i686 --with-abi=m64 --with-multilib-list=m32,m64,mx32 --enable-multilib --with-tune=generic --enable-offload-targets=nvptx-none --without-cuda-driver --enable-checking=release --build=x86_64-linux-gnu --host=x86_64-linux-gnu --target=x86_64-linux-gnu
Thread model: posix
gcc version 7.5.0 (Ubuntu 7.5.0-3ubuntu1~18.04) 
configure:4574: $? = 0
configure:4563: g++ -V >&5
g++: error: unrecognized command line option '-V'
g++: fatal error: no input files
compilation terminated.
configure:4574: $? = 1
configure:4563: g++ -qversion >&5
g++: error: unrecognized command line option '-qversion'; did you mean '--version'?
g++: fatal error: no input files
compilation terminated.
configure:4574: $? = 1
configure:4578: checking whether we are using the GNU C++ compiler
configure:4597: g++ -c -g -O2 -Wall -fstack-protector -fPIE -D_FORTIFY_SOURCE=2  conftest.cpp >&5
configure:4597: $? = 0
configure:4606: result: yes
configure:4615: checking whether g++ accepts -g
configure:4635: g++ -c -g  conftest.cpp >&5
configure:4635: $? = 0
configure:4676: result: yes
configure:4747: checking for gcc
configure:4774: result: gcc
configure:5003: checking for C compiler version
configure:5012: gcc --version >&5
gcc (Ubuntu 7.5.0-3ubuntu1~18.04) 7.5.0
Copyright (C) 2017 Free Software Foundation, Inc.
This is free software; see the source for copying conditions.  There is NO
warranty; not even for MERCHANTABILITY or FITNESS FOR A PARTICULAR PURPOSE.

configure:5023: $? = 0
configure:5012: gcc -v >&5
Using built-in specs.
COLLECT_GCC=gcc
COLLECT_LTO_WRAPPER=/usr/lib/gcc/x86_64-linux-gnu/7/lto-wrapper
OFFLOAD_TARGET_NAMES=nvptx-none
OFFLOAD_TARGET_DEFAULT=1
Target: x86_64-linux-gnu
Configured with: ../src/configure -v --with-pkgversion='Ubuntu 7.5.0-3ubuntu1~18.04' --with-bugurl=file:///usr/share/doc/gcc-7/README.Bugs --enable-languages=c,ada,c++,go,brig,d,fortran,objc,obj-c++ --prefix=/usr --with-gcc-major-version-only --program-suffix=-7 --program-prefix=x86_64-linux-gnu- --enable-shared --enable-linker-build-id --libexecdir=/usr/lib --without-included-gettext --enable-threads=posix --libdir=/usr/lib --enable-nls --enable-bootstrap --enable-clocale=gnu --enable-libstdcxx-debug --enable-libstdcxx-time=yes --with-default-libstdcxx-abi=new --enable-gnu-unique-object --disable-vtable-verify --enable-libmpx --enable-plugin --enable-default-pie --with-system-zlib --with-target-system-zlib --enable-objc-gc=auto --enable-multiarch --disable-werror --with-arch-32=i686 --with-abi=m64 --with-multilib-list=m32,m64,mx32 --enable-multilib --with-tune=generic --enable-offload-targets=nvptx-none --without-cuda-driver --enable-checking=release --build=x86_64-linux-gnu --host=x86_64-linux-gnu --target=x86_64-linux-gnu
Thread model: posix
gcc version 7.5.0 (Ubuntu 7.5.0-3ubuntu1~18.04) 
configure:5023: $? = 0
configure:5012: gcc -V >&5
gcc: error: unrecognized command line option '-V'
gcc: fatal error: no input files
compilation terminated.
configure:5023: $? = 1
configure:5012: gcc -qversion >&5
gcc: error: unrecognized command line option '-qversion'; did you mean '--version'?
gcc: fatal error: no input files
compilation terminated.
configure:5023: $? = 1
configure:5027: checking whether we are using the GNU C compiler
configure:5055: result: yes
configure:5064: checking whether gcc accepts -g
configure:5125: result: yes
configure:5142: checking for gcc option to accept ISO C89
configure:5218: result: none needed
configure:5243: checking how to run the C++ preprocessor
configure:5270: g++ -E  conftest.cpp
configure:5270: $? = 0
configure:5284: g++ -E  conftest.cpp
conftest.cpp:10:10: fatal error: ac_nonexistent.h: No such file or directory
 #include <ac_nonexistent.h>
          ^~~~~~~~~~~~~~~~~~
compilation terminated.
configure:5284: $? = 1
configure: failed program was:
| /* confdefs.h */
| #define PACKAGE_NAME "DOMjudge"
| #define PACKAGE_TARNAME "domjudge"
| #define PACKAGE_VERSION "7.3.0"
| #define PACKAGE_STRING "DOMjudge 7.3.0"
| #define PACKAGE_BUGREPORT "domjudge-devel@domjudge.org"
| #define PACKAGE_URL ""
| #define DOMJUDGE_VERSION "7.3.0"
| /* end confdefs.h.  */
| #include <ac_nonexistent.h>
configure:5309: result: g++ -E
configure:5329: g++ -E  conftest.cpp
configure:5329: $? = 0
configure:5343: g++ -E  conftest.cpp
conftest.cpp:10:10: fatal error: ac_nonexistent.h: No such file or directory
 #include <ac_nonexistent.h>
          ^~~~~~~~~~~~~~~~~~
compilation terminated.
configure:5343: $? = 1
configure: failed program was:
| /* confdefs.h */
| #define PACKAGE_NAME "DOMjudge"
| #define PACKAGE_TARNAME "domjudge"
| #define PACKAGE_VERSION "7.3.0"
| #define PACKAGE_STRING "DOMjudge 7.3.0"
| #define PACKAGE_BUGREPORT "domjudge-devel@domjudge.org"
| #define PACKAGE_URL ""
| #define DOMJUDGE_VERSION "7.3.0"
| /* end confdefs.h.  */
| #include <ac_nonexistent.h>
configure:5376: checking how to run the C preprocessor
configure:5407: gcc -E  conftest.c
configure:5407: $? = 0
configure:5421: gcc -E  conftest.c
conftest.c:10:10: fatal error: ac_nonexistent.h: No such file or directory
 #include <ac_nonexistent.h>
          ^~~~~~~~~~~~~~~~~~
compilation terminated.
configure:5421: $? = 1
configure: failed program was:
| /* confdefs.h */
| #define PACKAGE_NAME "DOMjudge"
| #define PACKAGE_TARNAME "domjudge"
| #define PACKAGE_VERSION "7.3.0"
| #define PACKAGE_STRING "DOMjudge 7.3.0"
| #define PACKAGE_BUGREPORT "domjudge-devel@domjudge.org"
| #define PACKAGE_URL ""
| #define DOMJUDGE_VERSION "7.3.0"
| /* end confdefs.h.  */
| #include <ac_nonexistent.h>
configure:5446: result: gcc -E
configure:5466: gcc -E  conftest.c
configure:5466: $? = 0
configure:5480: gcc -E  conftest.c
conftest.c:10:10: fatal error: ac_nonexistent.h: No such file or directory
 #include <ac_nonexistent.h>
          ^~~~~~~~~~~~~~~~~~
compilation terminated.
configure:5480: $? = 1
configure: failed program was:
| /* confdefs.h */
| #define PACKAGE_NAME "DOMjudge"
| #define PACKAGE_TARNAME "domjudge"
| #define PACKAGE_VERSION "7.3.0"
| #define PACKAGE_STRING "DOMjudge 7.3.0"
| #define PACKAGE_BUGREPORT "domjudge-devel@domjudge.org"
| #define PACKAGE_URL ""
| #define DOMJUDGE_VERSION "7.3.0"
| /* end confdefs.h.  */
| #include <ac_nonexistent.h>
configure:5551: checking for a BSD-compatible install
configure:5619: result: /usr/bin/install -c
configure:5630: checking whether ln -s works
configure:5634: result: yes
configure:5641: checking whether make sets $(MAKE)
configure:5663: result: yes
configure:5672: checking for a thread-safe mkdir -p
configure:5711: result: /bin/mkdir -p
configure:5716: checking for magic_open in -lmagic
configure:5741: gcc -o conftest -g -O2 -Wall -fstack-protector -fPIE -D_FORTIFY_SOURCE=2   -fPIE -pie -Wl,-z,relro -Wl,-z,now conftest.c -lmagic   >&5
configure:5741: $? = 0
configure:5750: result: yes
configure:5771: checking for a sed that does not truncate output
configure:5835: result: /bin/sed
configure:5844: checking for gawk
configure:5860: found /usr/bin/gawk
configure:5871: result: gawk
configure:5942: checking for curl-config
configure:5960: found /usr/bin/curl-config
configure:5972: result: /usr/bin/curl-config
configure:6025: checking for curl (7.58.0) >= 7.9.7
configure:6060: result: yes
configure:6099: checking for grep that handles long lines and -e
configure:6157: result: /bin/grep
configure:6162: checking for egrep
configure:6224: result: /bin/grep -E
configure:6229: checking for ANSI C header files
configure:6249: gcc -c -g -O2 -Wall -fstack-protector -fPIE -D_FORTIFY_SOURCE=2   conftest.c >&5
configure:6249: $? = 0
configure:6322: gcc -o conftest -g -O2 -Wall -fstack-protector -fPIE -D_FORTIFY_SOURCE=2    -fPIE -pie -Wl,-z,relro -Wl,-z,now conftest.c  >&5
configure:6322: $? = 0
configure:6322: ./conftest
configure:6322: $? = 0
configure:6333: result: yes
configure:6346: checking for sys/types.h
configure:6346: gcc -c -g -O2 -Wall -fstack-protector -fPIE -D_FORTIFY_SOURCE=2   conftest.c >&5
configure:6346: $? = 0
configure:6346: result: yes
configure:6346: checking for sys/stat.h
configure:6346: gcc -c -g -O2 -Wall -fstack-protector -fPIE -D_FORTIFY_SOURCE=2   conftest.c >&5
configure:6346: $? = 0
configure:6346: result: yes
configure:6346: checking for stdlib.h
configure:6346: gcc -c -g -O2 -Wall -fstack-protector -fPIE -D_FORTIFY_SOURCE=2   conftest.c >&5
configure:6346: $? = 0
configure:6346: result: yes
configure:6346: checking for string.h
configure:6346: gcc -c -g -O2 -Wall -fstack-protector -fPIE -D_FORTIFY_SOURCE=2   conftest.c >&5
configure:6346: $? = 0
configure:6346: result: yes
configure:6346: checking for memory.h
configure:6346: gcc -c -g -O2 -Wall -fstack-protector -fPIE -D_FORTIFY_SOURCE=2   conftest.c >&5
configure:6346: $? = 0
configure:6346: result: yes
configure:6346: checking for strings.h
configure:6346: gcc -c -g -O2 -Wall -fstack-protector -fPIE -D_FORTIFY_SOURCE=2   conftest.c >&5
configure:6346: $? = 0
configure:6346: result: yes
configure:6346: checking for inttypes.h
configure:6346: gcc -c -g -O2 -Wall -fstack-protector -fPIE -D_FORTIFY_SOURCE=2   conftest.c >&5
configure:6346: $? = 0
configure:6346: result: yes
configure:6346: checking for stdint.h
configure:6346: gcc -c -g -O2 -Wall -fstack-protector -fPIE -D_FORTIFY_SOURCE=2   conftest.c >&5
configure:6346: $? = 0
configure:6346: result: yes
configure:6346: checking for unistd.h
configure:6346: gcc -c -g -O2 -Wall -fstack-protector -fPIE -D_FORTIFY_SOURCE=2   conftest.c >&5
configure:6346: $? = 0
configure:6346: result: yes
configure:6360: checking curl/curl.h usability
configure:6360: gcc -c -g -O2 -Wall -fstack-protector -fPIE -D_FORTIFY_SOURCE=2   conftest.c >&5
configure:6360: $? = 0
configure:6360: result: yes
configure:6360: checking curl/curl.h presence
configure:6360: gcc -E   conftest.c
configure:6360: $? = 0
configure:6360: result: yes
configure:6360: checking for curl/curl.h
configure:6360: result: yes
configure:6435: checking jsoncpp/json/json.h usability
configure:6435: g++ -c -g -O2 -Wall -fstack-protector -fPIE -D_FORTIFY_SOURCE=2  conftest.cpp >&5
configure:6435: $? = 0
configure:6435: result: yes
configure:6435: checking jsoncpp/json/json.h presence
configure:6435: g++ -E  conftest.cpp
configure:6435: $? = 0
configure:6435: result: yes
configure:6435: checking for jsoncpp/json/json.h
configure:6435: result: yes
configure:6514: checking for stdbool.h that conforms to C99
configure:6581: gcc -c -g -O2 -Wall -fstack-protector -fPIE -D_FORTIFY_SOURCE=2  conftest.c >&5
conftest.c: In function 'main':
conftest.c:73:14: warning: the address of 's' will always evaluate as 'true' [-Waddress]
              bool e = &s;
              ^~~~
conftest.c:77:22: warning: the address of 'a' will always evaluate as 'true' [-Waddress]
              return (!a + !b + !c + !d + !e + !f + !g + !h + !i + !!j + !k + !!l
                      ^
conftest.c:77:27: warning: the address of 'b' will always evaluate as 'true' [-Waddress]
              return (!a + !b + !c + !d + !e + !f + !g + !h + !i + !!j + !k + !!l
                           ^
conftest.c:77:32: warning: the address of 'c' will always evaluate as 'true' [-Waddress]
              return (!a + !b + !c + !d + !e + !f + !g + !h + !i + !!j + !k + !!l
                                ^
conftest.c:77:37: warning: the address of 'd' will always evaluate as 'true' [-Waddress]
              return (!a + !b + !c + !d + !e + !f + !g + !h + !i + !!j + !k + !!l
                                     ^
conftest.c:77:47: warning: the address of 'f' will always evaluate as 'true' [-Waddress]
              return (!a + !b + !c + !d + !e + !f + !g + !h + !i + !!j + !k + !!l
                                               ^
conftest.c:77:52: warning: the address of 'g' will always evaluate as 'true' [-Waddress]
              return (!a + !b + !c + !d + !e + !f + !g + !h + !i + !!j + !k + !!l
                                                    ^
conftest.c:77:57: warning: the address of 'h' will always evaluate as 'true' [-Waddress]
              return (!a + !b + !c + !d + !e + !f + !g + !h + !i + !!j + !k + !!l
                                                         ^
conftest.c:77:62: warning: the address of 'i' will always evaluate as 'true' [-Waddress]
              return (!a + !b + !c + !d + !e + !f + !g + !h + !i + !!j + !k + !!l
                                                              ^
conftest.c:78:29: warning: the address of 'n' will always evaluate as 'true' [-Waddress]
                             ^
conftest.c:78:34: warning: the address of 'o' will always evaluate as 'true' [-Waddress]
                                  ^
conftest.c:78:39: warning: the address of 'p' will always evaluate as 'true' [-Waddress]
                                       ^
configure:6581: $? = 0
configure:6588: result: yes
configure:6590: checking for _Bool
configure:6590: gcc -c -g -O2 -Wall -fstack-protector -fPIE -D_FORTIFY_SOURCE=2  conftest.c >&5
configure:6590: $? = 0
configure:6590: gcc -c -g -O2 -Wall -fstack-protector -fPIE -D_FORTIFY_SOURCE=2  conftest.c >&5
conftest.c: In function 'main':
conftest.c:60:20: error: expected expression before ')' token
 if (sizeof ((_Bool)))
                    ^
configure:6590: $? = 1
configure: failed program was:
| /* confdefs.h */
| #define PACKAGE_NAME "DOMjudge"
| #define PACKAGE_TARNAME "domjudge"
| #define PACKAGE_VERSION "7.3.0"
| #define PACKAGE_STRING "DOMjudge 7.3.0"
| #define PACKAGE_BUGREPORT "domjudge-devel@domjudge.org"
| #define PACKAGE_URL ""
| #define DOMJUDGE_VERSION "7.3.0"
| #define STDC_HEADERS 1
| #define HAVE_SYS_TYPES_H 1
| #define HAVE_SYS_STAT_H 1
| #define HAVE_STDLIB_H 1
| #define HAVE_STRING_H 1
| #define HAVE_MEMORY_H 1
| #define HAVE_STRINGS_H 1
| #define HAVE_INTTYPES_H 1
| #define HAVE_STDINT_H 1
| #define HAVE_UNISTD_H 1
| #define HAVE_CURL_CURL_H 1
| #define HAVE_JSONCPP_JSON_JSON_H 1
| #define _POSIX_C_SOURCE 200809L
| #define _XOPEN_SOURCE 500
| /* end confdefs.h.  */
| #include <stdio.h>
| #ifdef HAVE_SYS_TYPES_H
| # include <sys/types.h>
| #endif
| #ifdef HAVE_SYS_STAT_H
| # include <sys/stat.h>
| #endif
| #ifdef STDC_HEADERS
| # include <stdlib.h>
| # include <stddef.h>
| #else
| # ifdef HAVE_STDLIB_H
| #  include <stdlib.h>
| # endif
| #endif
| #ifdef HAVE_STRING_H
| # if !defined STDC_HEADERS && defined HAVE_MEMORY_H
| #  include <memory.h>
| # endif
| # include <string.h>
| #endif
| #ifdef HAVE_STRINGS_H
| # include <strings.h>
| #endif
| #ifdef HAVE_INTTYPES_H
| # include <inttypes.h>
| #endif
| #ifdef HAVE_STDINT_H
| # include <stdint.h>
| #endif
| #ifdef HAVE_UNISTD_H
| # include <unistd.h>
| #endif
| int
| main ()
| {
| if (sizeof ((_Bool)))
| 	    return 0;
|   ;
|   return 0;
| }
configure:6590: result: yes
configure:6610: checking fcntl.h usability
configure:6610: gcc -c -g -O2 -Wall -fstack-protector -fPIE -D_FORTIFY_SOURCE=2  conftest.c >&5
configure:6610: $? = 0
configure:6610: result: yes
configure:6610: checking fcntl.h presence
configure:6610: gcc -E  conftest.c
configure:6610: $? = 0
configure:6610: result: yes
configure:6610: checking for fcntl.h
configure:6610: result: yes
configure:6610: checking for stdlib.h
configure:6610: result: yes
configure:6610: checking for string.h
configure:6610: result: yes
configure:6610: checking sys/param.h usability
configure:6610: gcc -c -g -O2 -Wall -fstack-protector -fPIE -D_FORTIFY_SOURCE=2  conftest.c >&5
configure:6610: $? = 0
configure:6610: result: yes
configure:6610: checking sys/param.h presence
configure:6610: gcc -E  conftest.c
configure:6610: $? = 0
configure:6610: result: yes
configure:6610: checking for sys/param.h
configure:6610: result: yes
configure:6610: checking sys/time.h usability
configure:6610: gcc -c -g -O2 -Wall -fstack-protector -fPIE -D_FORTIFY_SOURCE=2  conftest.c >&5
configure:6610: $? = 0
configure:6610: result: yes
configure:6610: checking sys/time.h presence
configure:6610: gcc -E  conftest.c
configure:6610: $? = 0
configure:6610: result: yes
configure:6610: checking for sys/time.h
configure:6610: result: yes
configure:6610: checking syslog.h usability
configure:6610: gcc -c -g -O2 -Wall -fstack-protector -fPIE -D_FORTIFY_SOURCE=2  conftest.c >&5
configure:6610: $? = 0
configure:6610: result: yes
configure:6610: checking syslog.h presence
configure:6610: gcc -E  conftest.c
configure:6610: $? = 0
configure:6610: result: yes
configure:6610: checking for syslog.h
configure:6610: result: yes
configure:6610: checking termios.h usability
configure:6610: gcc -c -g -O2 -Wall -fstack-protector -fPIE -D_FORTIFY_SOURCE=2  conftest.c >&5
configure:6610: $? = 0
configure:6610: result: yes
configure:6610: checking termios.h presence
configure:6610: gcc -E  conftest.c
configure:6610: $? = 0
configure:6610: result: yes
configure:6610: checking for termios.h
configure:6610: result: yes
configure:6610: checking for unistd.h
configure:6610: result: yes
configure:6610: checking magic.h usability
configure:6610: gcc -c -g -O2 -Wall -fstack-protector -fPIE -D_FORTIFY_SOURCE=2  conftest.c >&5
configure:6610: $? = 0
configure:6610: result: yes
configure:6610: checking magic.h presence
configure:6610: gcc -E  conftest.c
configure:6610: $? = 0
configure:6610: result: yes
configure:6610: checking for magic.h
configure:6610: result: yes
configure:6610: checking libcgroup.h usability
configure:6610: gcc -c -g -O2 -Wall -fstack-protector -fPIE -D_FORTIFY_SOURCE=2  conftest.c >&5
configure:6610: $? = 0
configure:6610: result: yes
configure:6610: checking libcgroup.h presence
configure:6610: gcc -E  conftest.c
configure:6610: $? = 0
configure:6610: result: yes
configure:6610: checking for libcgroup.h
configure:6610: result: yes
configure:6622: checking for inline
configure:6638: gcc -c -g -O2 -Wall -fstack-protector -fPIE -D_FORTIFY_SOURCE=2  conftest.c >&5
configure:6638: $? = 0
configure:6646: result: inline
configure:6664: checking for pid_t
configure:6664: gcc -c -g -O2 -Wall -fstack-protector -fPIE -D_FORTIFY_SOURCE=2  conftest.c >&5
configure:6664: $? = 0
configure:6664: gcc -c -g -O2 -Wall -fstack-protector -fPIE -D_FORTIFY_SOURCE=2  conftest.c >&5
conftest.c: In function 'main':
conftest.c:72:20: error: expected expression before ')' token
 if (sizeof ((pid_t)))
                    ^
configure:6664: $? = 1
configure: failed program was:
| /* confdefs.h */
| #define PACKAGE_NAME "DOMjudge"
| #define PACKAGE_TARNAME "domjudge"
| #define PACKAGE_VERSION "7.3.0"
| #define PACKAGE_STRING "DOMjudge 7.3.0"
| #define PACKAGE_BUGREPORT "domjudge-devel@domjudge.org"
| #define PACKAGE_URL ""
| #define DOMJUDGE_VERSION "7.3.0"
| #define STDC_HEADERS 1
| #define HAVE_SYS_TYPES_H 1
| #define HAVE_SYS_STAT_H 1
| #define HAVE_STDLIB_H 1
| #define HAVE_STRING_H 1
| #define HAVE_MEMORY_H 1
| #define HAVE_STRINGS_H 1
| #define HAVE_INTTYPES_H 1
| #define HAVE_STDINT_H 1
| #define HAVE_UNISTD_H 1
| #define HAVE_CURL_CURL_H 1
| #define HAVE_JSONCPP_JSON_JSON_H 1
| #define _POSIX_C_SOURCE 200809L
| #define _XOPEN_SOURCE 500
| #define HAVE__BOOL 1
| #define HAVE_STDBOOL_H 1
| #define HAVE_FCNTL_H 1
| #define HAVE_STDLIB_H 1
| #define HAVE_STRING_H 1
| #define HAVE_SYS_PARAM_H 1
| #define HAVE_SYS_TIME_H 1
| #define HAVE_SYSLOG_H 1
| #define HAVE_TERMIOS_H 1
| #define HAVE_UNISTD_H 1
| #define HAVE_MAGIC_H 1
| #define HAVE_LIBCGROUP_H 1
| /* end confdefs.h.  */
| #include <stdio.h>
| #ifdef HAVE_SYS_TYPES_H
| # include <sys/types.h>
| #endif
| #ifdef HAVE_SYS_STAT_H
| # include <sys/stat.h>
| #endif
| #ifdef STDC_HEADERS
| # include <stdlib.h>
| # include <stddef.h>
| #else
| # ifdef HAVE_STDLIB_H
| #  include <stdlib.h>
| # endif
| #endif
| #ifdef HAVE_STRING_H
| # if !defined STDC_HEADERS && defined HAVE_MEMORY_H
| #  include <memory.h>
| # endif
| # include <string.h>
| #endif
| #ifdef HAVE_STRINGS_H
| # include <strings.h>
| #endif
| #ifdef HAVE_INTTYPES_H
| # include <inttypes.h>
| #endif
| #ifdef HAVE_STDINT_H
| # include <stdint.h>
| #endif
| #ifdef HAVE_UNISTD_H
| # include <unistd.h>
| #endif
| int
| main ()
| {
| if (sizeof ((pid_t)))
| 	    return 0;
|   ;
|   return 0;
| }
configure:6664: result: yes
configure:6675: checking for size_t
configure:6675: gcc -c -g -O2 -Wall -fstack-protector -fPIE -D_FORTIFY_SOURCE=2  conftest.c >&5
configure:6675: $? = 0
configure:6675: gcc -c -g -O2 -Wall -fstack-protector -fPIE -D_FORTIFY_SOURCE=2  conftest.c >&5
conftest.c: In function 'main':
conftest.c:72:21: error: expected expression before ')' token
 if (sizeof ((size_t)))
                     ^
configure:6675: $? = 1
configure: failed program was:
| /* confdefs.h */
| #define PACKAGE_NAME "DOMjudge"
| #define PACKAGE_TARNAME "domjudge"
| #define PACKAGE_VERSION "7.3.0"
| #define PACKAGE_STRING "DOMjudge 7.3.0"
| #define PACKAGE_BUGREPORT "domjudge-devel@domjudge.org"
| #define PACKAGE_URL ""
| #define DOMJUDGE_VERSION "7.3.0"
| #define STDC_HEADERS 1
| #define HAVE_SYS_TYPES_H 1
| #define HAVE_SYS_STAT_H 1
| #define HAVE_STDLIB_H 1
| #define HAVE_STRING_H 1
| #define HAVE_MEMORY_H 1
| #define HAVE_STRINGS_H 1
| #define HAVE_INTTYPES_H 1
| #define HAVE_STDINT_H 1
| #define HAVE_UNISTD_H 1
| #define HAVE_CURL_CURL_H 1
| #define HAVE_JSONCPP_JSON_JSON_H 1
| #define _POSIX_C_SOURCE 200809L
| #define _XOPEN_SOURCE 500
| #define HAVE__BOOL 1
| #define HAVE_STDBOOL_H 1
| #define HAVE_FCNTL_H 1
| #define HAVE_STDLIB_H 1
| #define HAVE_STRING_H 1
| #define HAVE_SYS_PARAM_H 1
| #define HAVE_SYS_TIME_H 1
| #define HAVE_SYSLOG_H 1
| #define HAVE_TERMIOS_H 1
| #define HAVE_UNISTD_H 1
| #define HAVE_MAGIC_H 1
| #define HAVE_LIBCGROUP_H 1
| /* end confdefs.h.  */
| #include <stdio.h>
| #ifdef HAVE_SYS_TYPES_H
| # include <sys/types.h>
| #endif
| #ifdef HAVE_SYS_STAT_H
| # include <sys/stat.h>
| #endif
| #ifdef STDC_HEADERS
| # include <stdlib.h>
| # include <stddef.h>
| #else
| # ifdef HAVE_STDLIB_H
| #  include <stdlib.h>
| # endif
| #endif
| #ifdef HAVE_STRING_H
| # if !defined STDC_HEADERS && defined HAVE_MEMORY_H
| #  include <memory.h>
| # endif
| # include <string.h>
| #endif
| #ifdef HAVE_STRINGS_H
| # include <strings.h>
| #endif
| #ifdef HAVE_INTTYPES_H
| # include <inttypes.h>
| #endif
| #ifdef HAVE_STDINT_H
| # include <stdint.h>
| #endif
| #ifdef HAVE_UNISTD_H
| # include <unistd.h>
| #endif
| int
| main ()
| {
| if (sizeof ((size_t)))
| 	    return 0;
|   ;
|   return 0;
| }
configure:6675: result: yes
configure:6686: checking for ssize_t
configure:6686: gcc -c -g -O2 -Wall -fstack-protector -fPIE -D_FORTIFY_SOURCE=2  conftest.c >&5
configure:6686: $? = 0
configure:6686: gcc -c -g -O2 -Wall -fstack-protector -fPIE -D_FORTIFY_SOURCE=2  conftest.c >&5
conftest.c: In function 'main':
conftest.c:72:22: error: expected expression before ')' token
 if (sizeof ((ssize_t)))
                      ^
configure:6686: $? = 1
configure: failed program was:
| /* confdefs.h */
| #define PACKAGE_NAME "DOMjudge"
| #define PACKAGE_TARNAME "domjudge"
| #define PACKAGE_VERSION "7.3.0"
| #define PACKAGE_STRING "DOMjudge 7.3.0"
| #define PACKAGE_BUGREPORT "domjudge-devel@domjudge.org"
| #define PACKAGE_URL ""
| #define DOMJUDGE_VERSION "7.3.0"
| #define STDC_HEADERS 1
| #define HAVE_SYS_TYPES_H 1
| #define HAVE_SYS_STAT_H 1
| #define HAVE_STDLIB_H 1
| #define HAVE_STRING_H 1
| #define HAVE_MEMORY_H 1
| #define HAVE_STRINGS_H 1
| #define HAVE_INTTYPES_H 1
| #define HAVE_STDINT_H 1
| #define HAVE_UNISTD_H 1
| #define HAVE_CURL_CURL_H 1
| #define HAVE_JSONCPP_JSON_JSON_H 1
| #define _POSIX_C_SOURCE 200809L
| #define _XOPEN_SOURCE 500
| #define HAVE__BOOL 1
| #define HAVE_STDBOOL_H 1
| #define HAVE_FCNTL_H 1
| #define HAVE_STDLIB_H 1
| #define HAVE_STRING_H 1
| #define HAVE_SYS_PARAM_H 1
| #define HAVE_SYS_TIME_H 1
| #define HAVE_SYSLOG_H 1
| #define HAVE_TERMIOS_H 1
| #define HAVE_UNISTD_H 1
| #define HAVE_MAGIC_H 1
| #define HAVE_LIBCGROUP_H 1
| /* end confdefs.h.  */
| #include <stdio.h>
| #ifdef HAVE_SYS_TYPES_H
| # include <sys/types.h>
| #endif
| #ifdef HAVE_SYS_STAT_H
| # include <sys/stat.h>
| #endif
| #ifdef STDC_HEADERS
| # include <stdlib.h>
| # include <stddef.h>
| #else
| # ifdef HAVE_STDLIB_H
| #  include <stdlib.h>
| # endif
| #endif
| #ifdef HAVE_STRING_H
| # if !defined STDC_HEADERS && defined HAVE_MEMORY_H
| #  include <memory.h>
| # endif
| # include <string.h>
| #endif
| #ifdef HAVE_STRINGS_H
| # include <strings.h>
| #endif
| #ifdef HAVE_INTTYPES_H
| # include <inttypes.h>
| #endif
| #ifdef HAVE_STDINT_H
| # include <stdint.h>
| #endif
| #ifdef HAVE_UNISTD_H
| # include <unistd.h>
| #endif
| int
| main ()
| {
| if (sizeof ((ssize_t)))
| 	    return 0;
|   ;
|   return 0;
| }
configure:6686: result: yes
configure:6699: checking for error_at_line
configure:6715: gcc -o conftest -g -O2 -Wall -fstack-protector -fPIE -D_FORTIFY_SOURCE=2   -fPIE -pie -Wl,-z,relro -Wl,-z,now conftest.c  >&5
configure:6715: $? = 0
configure:6723: result: yes
configure:6736: checking vfork.h usability
configure:6736: gcc -c -g -O2 -Wall -fstack-protector -fPIE -D_FORTIFY_SOURCE=2  conftest.c >&5
conftest.c:69:10: fatal error: vfork.h: No such file or directory
 #include <vfork.h>
          ^~~~~~~~~
compilation terminated.
configure:6736: $? = 1
configure: failed program was:
| /* confdefs.h */
| #define PACKAGE_NAME "DOMjudge"
| #define PACKAGE_TARNAME "domjudge"
| #define PACKAGE_VERSION "7.3.0"
| #define PACKAGE_STRING "DOMjudge 7.3.0"
| #define PACKAGE_BUGREPORT "domjudge-devel@domjudge.org"
| #define PACKAGE_URL ""
| #define DOMJUDGE_VERSION "7.3.0"
| #define STDC_HEADERS 1
| #define HAVE_SYS_TYPES_H 1
| #define HAVE_SYS_STAT_H 1
| #define HAVE_STDLIB_H 1
| #define HAVE_STRING_H 1
| #define HAVE_MEMORY_H 1
| #define HAVE_STRINGS_H 1
| #define HAVE_INTTYPES_H 1
| #define HAVE_STDINT_H 1
| #define HAVE_UNISTD_H 1
| #define HAVE_CURL_CURL_H 1
| #define HAVE_JSONCPP_JSON_JSON_H 1
| #define _POSIX_C_SOURCE 200809L
| #define _XOPEN_SOURCE 500
| #define HAVE__BOOL 1
| #define HAVE_STDBOOL_H 1
| #define HAVE_FCNTL_H 1
| #define HAVE_STDLIB_H 1
| #define HAVE_STRING_H 1
| #define HAVE_SYS_PARAM_H 1
| #define HAVE_SYS_TIME_H 1
| #define HAVE_SYSLOG_H 1
| #define HAVE_TERMIOS_H 1
| #define HAVE_UNISTD_H 1
| #define HAVE_MAGIC_H 1
| #define HAVE_LIBCGROUP_H 1
| /* end confdefs.h.  */
| #include <stdio.h>
| #ifdef HAVE_SYS_TYPES_H
| # include <sys/types.h>
| #endif
| #ifdef HAVE_SYS_STAT_H
| # include <sys/stat.h>
| #endif
| #ifdef STDC_HEADERS
| # include <stdlib.h>
| # include <stddef.h>
| #else
| # ifdef HAVE_STDLIB_H
| #  include <stdlib.h>
| # endif
| #endif
| #ifdef HAVE_STRING_H
| # if !defined STDC_HEADERS && defined HAVE_MEMORY_H
| #  include <memory.h>
| # endif
| # include <string.h>
| #endif
| #ifdef HAVE_STRINGS_H
| # include <strings.h>
| #endif
| #ifdef HAVE_INTTYPES_H
| # include <inttypes.h>
| #endif
| #ifdef HAVE_STDINT_H
| # include <stdint.h>
| #endif
| #ifdef HAVE_UNISTD_H
| # include <unistd.h>
| #endif
| #include <vfork.h>
configure:6736: result: no
configure:6736: checking vfork.h presence
configure:6736: gcc -E  conftest.c
conftest.c:36:10: fatal error: vfork.h: No such file or directory
 #include <vfork.h>
          ^~~~~~~~~
compilation terminated.
configure:6736: $? = 1
configure: failed program was:
| /* confdefs.h */
| #define PACKAGE_NAME "DOMjudge"
| #define PACKAGE_TARNAME "domjudge"
| #define PACKAGE_VERSION "7.3.0"
| #define PACKAGE_STRING "DOMjudge 7.3.0"
| #define PACKAGE_BUGREPORT "domjudge-devel@domjudge.org"
| #define PACKAGE_URL ""
| #define DOMJUDGE_VERSION "7.3.0"
| #define STDC_HEADERS 1
| #define HAVE_SYS_TYPES_H 1
| #define HAVE_SYS_STAT_H 1
| #define HAVE_STDLIB_H 1
| #define HAVE_STRING_H 1
| #define HAVE_MEMORY_H 1
| #define HAVE_STRINGS_H 1
| #define HAVE_INTTYPES_H 1
| #define HAVE_STDINT_H 1
| #define HAVE_UNISTD_H 1
| #define HAVE_CURL_CURL_H 1
| #define HAVE_JSONCPP_JSON_JSON_H 1
| #define _POSIX_C_SOURCE 200809L
| #define _XOPEN_SOURCE 500
| #define HAVE__BOOL 1
| #define HAVE_STDBOOL_H 1
| #define HAVE_FCNTL_H 1
| #define HAVE_STDLIB_H 1
| #define HAVE_STRING_H 1
| #define HAVE_SYS_PARAM_H 1
| #define HAVE_SYS_TIME_H 1
| #define HAVE_SYSLOG_H 1
| #define HAVE_TERMIOS_H 1
| #define HAVE_UNISTD_H 1
| #define HAVE_MAGIC_H 1
| #define HAVE_LIBCGROUP_H 1
| /* end confdefs.h.  */
| #include <vfork.h>
configure:6736: result: no
configure:6736: checking for vfork.h
configure:6736: result: no
configure:6749: checking for fork
configure:6749: gcc -o conftest -g -O2 -Wall -fstack-protector -fPIE -D_FORTIFY_SOURCE=2   -fPIE -pie -Wl,-z,relro -Wl,-z,now conftest.c  >&5
conftest.c:59:6: warning: conflicting types for built-in function 'fork' [-Wbuiltin-declaration-mismatch]
 char fork ();
      ^~~~
configure:6749: $? = 0
configure:6749: result: yes
configure:6749: checking for vfork
configure:6749: gcc -o conftest -g -O2 -Wall -fstack-protector -fPIE -D_FORTIFY_SOURCE=2   -fPIE -pie -Wl,-z,relro -Wl,-z,now conftest.c  >&5
configure:6749: $? = 0
configure:6749: result: yes
configure:6759: checking for working fork
configure:6781: gcc -o conftest -g -O2 -Wall -fstack-protector -fPIE -D_FORTIFY_SOURCE=2   -fPIE -pie -Wl,-z,relro -Wl,-z,now conftest.c  >&5
configure:6781: $? = 0
configure:6781: ./conftest
configure:6781: $? = 0
configure:6791: result: yes
configure:6812: checking for working vfork
configure:6922: result: yes
configure:6949: checking for stdlib.h
configure:6949: result: yes
configure:6959: checking for GNU libc compatible malloc
configure:6983: gcc -o conftest -g -O2 -Wall -fstack-protector -fPIE -D_FORTIFY_SOURCE=2   -fPIE -pie -Wl,-z,relro -Wl,-z,now conftest.c  >&5
configure:6983: $? = 0
configure:6983: ./conftest
configure:6983: $? = 0
configure:6993: result: yes
configure:7016: checking for stdlib.h
configure:7016: result: yes
configure:7026: checking for GNU libc compatible realloc
configure:7050: gcc -o conftest -g -O2 -Wall -fstack-protector -fPIE -D_FORTIFY_SOURCE=2   -fPIE -pie -Wl,-z,relro -Wl,-z,now conftest.c  >&5
configure:7050: $? = 0
configure:7050: ./conftest
configure:7050: $? = 0
configure:7060: result: yes
configure:7081: checking for working strtod
configure:7122: gcc -o conftest -g -O2 -Wall -fstack-protector -fPIE -D_FORTIFY_SOURCE=2   -fPIE -pie -Wl,-z,relro -Wl,-z,now conftest.c  >&5
configure:7122: $? = 0
configure:7122: ./conftest
configure:7122: $? = 0
configure:7132: result: yes
configure:7194: checking for atexit
configure:7194: gcc -o conftest -g -O2 -Wall -fstack-protector -fPIE -D_FORTIFY_SOURCE=2   -fPIE -pie -Wl,-z,relro -Wl,-z,now conftest.c  >&5
configure:7194: $? = 0
configure:7194: result: yes
configure:7207: checking for dup2
configure:7207: gcc -o conftest -g -O2 -Wall -fstack-protector -fPIE -D_FORTIFY_SOURCE=2   -fPIE -pie -Wl,-z,relro -Wl,-z,now conftest.c  >&5
configure:7207: $? = 0
configure:7207: result: yes
configure:7220: checking for getcwd
configure:7220: gcc -o conftest -g -O2 -Wall -fstack-protector -fPIE -D_FORTIFY_SOURCE=2   -fPIE -pie -Wl,-z,relro -Wl,-z,now conftest.c  >&5
configure:7220: $? = 0
configure:7220: result: yes
configure:7233: checking for gettimeofday
configure:7233: gcc -o conftest -g -O2 -Wall -fstack-protector -fPIE -D_FORTIFY_SOURCE=2   -fPIE -pie -Wl,-z,relro -Wl,-z,now conftest.c  >&5
configure:7233: $? = 0
configure:7233: result: yes
configure:7246: checking for memset
configure:7246: gcc -o conftest -g -O2 -Wall -fstack-protector -fPIE -D_FORTIFY_SOURCE=2   -fPIE -pie -Wl,-z,relro -Wl,-z,now conftest.c  >&5
conftest.c:71:6: warning: conflicting types for built-in function 'memset' [-Wbuiltin-declaration-mismatch]
 char memset ();
      ^~~~~~
configure:7246: $? = 0
configure:7246: result: yes
configure:7259: checking for mkdir
configure:7259: gcc -o conftest -g -O2 -Wall -fstack-protector -fPIE -D_FORTIFY_SOURCE=2   -fPIE -pie -Wl,-z,relro -Wl,-z,now conftest.c  >&5
configure:7259: $? = 0
configure:7259: result: yes
configure:7272: checking for realpath
configure:7272: gcc -o conftest -g -O2 -Wall -fstack-protector -fPIE -D_FORTIFY_SOURCE=2   -fPIE -pie -Wl,-z,relro -Wl,-z,now conftest.c  >&5
configure:7272: $? = 0
configure:7272: result: yes
configure:7285: checking for setenv
configure:7285: gcc -o conftest -g -O2 -Wall -fstack-protector -fPIE -D_FORTIFY_SOURCE=2   -fPIE -pie -Wl,-z,relro -Wl,-z,now conftest.c  >&5
configure:7285: $? = 0
configure:7285: result: yes
configure:7298: checking for socket
configure:7298: gcc -o conftest -g -O2 -Wall -fstack-protector -fPIE -D_FORTIFY_SOURCE=2   -fPIE -pie -Wl,-z,relro -Wl,-z,now conftest.c  >&5
configure:7298: $? = 0
configure:7298: result: yes
configure:7311: checking for strchr
configure:7311: gcc -o conftest -g -O2 -Wall -fstack-protector -fPIE -D_FORTIFY_SOURCE=2   -fPIE -pie -Wl,-z,relro -Wl,-z,now conftest.c  >&5
conftest.c:76:6: warning: conflicting types for built-in function 'strchr' [-Wbuiltin-declaration-mismatch]
 char strchr ();
      ^~~~~~
configure:7311: $? = 0
configure:7311: result: yes
configure:7324: checking for strdup
configure:7324: gcc -o conftest -g -O2 -Wall -fstack-protector -fPIE -D_FORTIFY_SOURCE=2   -fPIE -pie -Wl,-z,relro -Wl,-z,now conftest.c  >&5
conftest.c:77:6: warning: conflicting types for built-in function 'strdup' [-Wbuiltin-declaration-mismatch]
 char strdup ();
      ^~~~~~
configure:7324: $? = 0
configure:7324: result: yes
configure:7337: checking for strerror
configure:7337: gcc -o conftest -g -O2 -Wall -fstack-protector -fPIE -D_FORTIFY_SOURCE=2   -fPIE -pie -Wl,-z,relro -Wl,-z,now conftest.c  >&5
configure:7337: $? = 0
configure:7337: result: yes
configure:7350: checking for strncasecmp
configure:7350: gcc -o conftest -g -O2 -Wall -fstack-protector -fPIE -D_FORTIFY_SOURCE=2   -fPIE -pie -Wl,-z,relro -Wl,-z,now conftest.c  >&5
conftest.c:79:6: warning: conflicting types for built-in function 'strncasecmp' [-Wbuiltin-declaration-mismatch]
 char strncasecmp ();
      ^~~~~~~~~~~
configure:7350: $? = 0
configure:7350: result: yes
configure:7363: checking for strrchr
configure:7363: gcc -o conftest -g -O2 -Wall -fstack-protector -fPIE -D_FORTIFY_SOURCE=2   -fPIE -pie -Wl,-z,relro -Wl,-z,now conftest.c  >&5
conftest.c:80:6: warning: conflicting types for built-in function 'strrchr' [-Wbuiltin-declaration-mismatch]
 char strrchr ();
      ^~~~~~~
configure:7363: $? = 0
configure:7363: result: yes
configure:7376: checking for strstr
configure:7376: gcc -o conftest -g -O2 -Wall -fstack-protector -fPIE -D_FORTIFY_SOURCE=2   -fPIE -pie -Wl,-z,relro -Wl,-z,now conftest.c  >&5
conftest.c:81:6: warning: conflicting types for built-in function 'strstr' [-Wbuiltin-declaration-mismatch]
 char strstr ();
      ^~~~~~
configure:7376: $? = 0
configure:7376: result: yes
configure:7389: checking for strtol
configure:7389: gcc -o conftest -g -O2 -Wall -fstack-protector -fPIE -D_FORTIFY_SOURCE=2   -fPIE -pie -Wl,-z,relro -Wl,-z,now conftest.c  >&5
configure:7389: $? = 0
configure:7389: result: yes
configure:7520: creating ./config.status

## ---------------------- ##
## Running config.status. ##
## ---------------------- ##

This file was extended by DOMjudge config.status 7.3.0, which was
generated by GNU Autoconf 2.69.  Invocation command line was

  CONFIG_FILES    = 
  CONFIG_HEADERS  = 
  CONFIG_LINKS    = 
  CONFIG_COMMANDS = 
  $ ./config.status 

on oem-DREAMSYS

config.status:896: creating paths.mk
config.status:896: creating etc/config.h
config.status:1077: etc/config.h is unchanged

## ---------------- ##
## Cache variables. ##
## ---------------- ##

ac_cv_c_compiler_gnu=yes
ac_cv_c_inline=inline
ac_cv_cxx_compiler_gnu=yes
ac_cv_env_CCC_set=
ac_cv_env_CCC_value=
ac_cv_env_CC_set=
ac_cv_env_CC_value=
ac_cv_env_CFLAGS_set=
ac_cv_env_CFLAGS_value=
ac_cv_env_CPPFLAGS_set=
ac_cv_env_CPPFLAGS_value=
ac_cv_env_CPP_set=
ac_cv_env_CPP_value=
ac_cv_env_CURL_CFLAGS_set=
ac_cv_env_CURL_CFLAGS_value=
ac_cv_env_CURL_CONFIG_set=
ac_cv_env_CURL_CONFIG_value=
ac_cv_env_CURL_LIBS_set=
ac_cv_env_CURL_LIBS_value=
ac_cv_env_CXXCPP_set=
ac_cv_env_CXXCPP_value=
ac_cv_env_CXXFLAGS_set=
ac_cv_env_CXXFLAGS_value=
ac_cv_env_CXX_set=
ac_cv_env_CXX_value=
ac_cv_env_LDFLAGS_set=
ac_cv_env_LDFLAGS_value=
ac_cv_env_LIBS_set=
ac_cv_env_LIBS_value=
ac_cv_env_build_alias_set=
ac_cv_env_build_alias_value=
ac_cv_env_host_alias_set=
ac_cv_env_host_alias_value=
ac_cv_env_target_alias_set=
ac_cv_env_target_alias_value=
ac_cv_func_atexit=yes
ac_cv_func_dup2=yes
ac_cv_func_fork=yes
ac_cv_func_fork_works=yes
ac_cv_func_getcwd=yes
ac_cv_func_gettimeofday=yes
ac_cv_func_malloc_0_nonnull=yes
ac_cv_func_memset=yes
ac_cv_func_mkdir=yes
ac_cv_func_realloc_0_nonnull=yes
ac_cv_func_realpath=yes
ac_cv_func_setenv=yes
ac_cv_func_socket=yes
ac_cv_func_strchr=yes
ac_cv_func_strdup=yes
ac_cv_func_strerror=yes
ac_cv_func_strncasecmp=yes
ac_cv_func_strrchr=yes
ac_cv_func_strstr=yes
ac_cv_func_strtod=yes
ac_cv_func_strtol=yes
ac_cv_func_vfork=yes
ac_cv_func_vfork_works=yes
ac_cv_header_curl_curl_h=yes
ac_cv_header_fcntl_h=yes
ac_cv_header_inttypes_h=yes
ac_cv_header_jsoncpp_json_json_h=yes
ac_cv_header_libcgroup_h=yes
ac_cv_header_magic_h=yes
ac_cv_header_memory_h=yes
ac_cv_header_stdbool_h=yes
ac_cv_header_stdc=yes
ac_cv_header_stdint_h=yes
ac_cv_header_stdlib_h=yes
ac_cv_header_string_h=yes
ac_cv_header_strings_h=yes
ac_cv_header_sys_param_h=yes
ac_cv_header_sys_stat_h=yes
ac_cv_header_sys_time_h=yes
ac_cv_header_sys_types_h=yes
ac_cv_header_syslog_h=yes
ac_cv_header_termios_h=yes
ac_cv_header_unistd_h=yes
ac_cv_header_vfork_h=no
ac_cv_lib_cgroup_cgroup_init=yes
ac_cv_lib_error_at_line=yes
ac_cv_lib_magic_magic_open=yes
ac_cv_objext=o
ac_cv_path_CURL_CONFIG=/usr/bin/curl-config
ac_cv_path_EGREP='/bin/grep -E'
ac_cv_path_GREP=/bin/grep
ac_cv_path_SED=/bin/sed
ac_cv_path_install='/usr/bin/install -c'
ac_cv_path_mkdir=/bin/mkdir
ac_cv_prog_AWK=gawk
ac_cv_prog_CPP='gcc -E'
ac_cv_prog_CXXCPP='g++ -E'
ac_cv_prog_ac_ct_CC=gcc
ac_cv_prog_ac_ct_CXX=g++
ac_cv_prog_cc_c89=
ac_cv_prog_cc_g=yes
ac_cv_prog_cxx_g=yes
ac_cv_prog_make_make_set=yes
ac_cv_type__Bool=yes
ac_cv_type_pid_t=yes
ac_cv_type_size_t=yes
ac_cv_type_ssize_t=yes
ax_cv_check_cflags___D_FORTIFY_SOURCE_2=yes
ax_cv_check_cflags___Wall=yes
ax_cv_check_cflags___fPIE=yes
ax_cv_check_cflags___fstack_protector=yes
ax_cv_check_ldflags___Wl__z_now=yes
ax_cv_check_ldflags___Wl__z_relro=yes
ax_cv_check_ldflags___fPIE=yes
ax_cv_check_ldflags___pie=yes

## ----------------- ##
## Output variables. ##
## ----------------- ##

AWK='gawk'
BASEURL='https://example.com/domjudge/'
BASEURL_UNCONFIGURED='1'
CC='gcc'
CFLAGS='-g -O2 -Wall -fstack-protector -fPIE -D_FORTIFY_SOURCE=2'
CPP='gcc -E'
CPPFLAGS=''
CURL_CFLAGS=''
CURL_CONFIG='/usr/bin/curl-config'
CURL_LIBS='-lcurl'
CURL_STATIC=''
CXX='g++'
CXXCPP='g++ -E'
CXXFLAGS='-g -O2 -Wall -fstack-protector -fPIE -D_FORTIFY_SOURCE=2'
DEFS='-DHAVE_CONFIG_H'
DOC_BUILD_ENABLED='yes'
DOMJUDGE_USER='oem'
DOMJUDGE_VERSION='7.3.0'
ECHO_C=''
ECHO_N='-n'
ECHO_T=''
EGREP='/bin/grep -E'
EXEEXT=''
FHS_ENABLED='no'
GREP='/bin/grep'
INSTALL_DATA='${INSTALL} -m 644'
INSTALL_PROGRAM='${INSTALL}'
INSTALL_SCRIPT='${INSTALL}'
LDFLAGS=' -fPIE -pie -Wl,-z,relro -Wl,-z,now'
LIBCGROUP='-lcgroup'
LIBJSONCPP='-ljsoncpp'
LIBMAGIC='-lmagic'
LIBOBJS=''
LIBS=''
LN_S='ln -s'
LTLIBOBJS=''
MKDIR_P='/bin/mkdir -p'
OBJEXT='o'
PACKAGE_BUGREPORT='domjudge-devel@domjudge.org'
PACKAGE_NAME='DOMjudge'
PACKAGE_STRING='DOMjudge 7.3.0'
PACKAGE_TARNAME='domjudge'
PACKAGE_URL=''
PACKAGE_VERSION='7.3.0'
PATH_SEPARATOR=':'
POW_LIB=''
RUNGROUP='domjudge-run'
RUNUSER='domjudge-run'
SED='/bin/sed'
SET_MAKE=''
SHELL='/bin/bash'
STATIC_LINK_END=''
STATIC_LINK_START=''
SUBMITCLIENT_ENABLED='yes'
WEBSERVER_GROUP='www-data'
ac_ct_CC='gcc'
ac_ct_CXX='g++'
bindir='${exec_prefix}/bin'
build_alias=''
datadir='${datarootdir}'
datarootdir='${prefix}/share'
docdir='${datarootdir}/doc/${PACKAGE_TARNAME}'
domjudge_docdir='/home/oem/domjudge/doc'
domserver_bindir='/home/oem/domjudge/domserver/bin'
domserver_etcdir='/home/oem/domjudge/domserver/etc'
domserver_libdir='/home/oem/domjudge/domserver/lib'
domserver_libvendordir='/home/oem/domjudge/domserver/lib/vendor'
domserver_logdir='/home/oem/domjudge/domserver/log'
domserver_root='/home/oem/domjudge/domserver'
domserver_rundir='/home/oem/domjudge/domserver/run'
domserver_sqldir='/home/oem/domjudge/domserver/sql'
domserver_tmpdir='/home/oem/domjudge/domserver/tmp'
domserver_webappdir='/home/oem/domjudge/domserver/webapp'
dvidir='${docdir}'
exec_prefix='${prefix}'
host_alias=''
htmldir='${docdir}'
includedir='${prefix}/include'
infodir='${datarootdir}/info'
judgehost_bindir='/home/oem/domjudge/judgehost/bin'
judgehost_cgroupdir='/sys/fs/cgroup'
judgehost_chrootdir='/chroot/domjudge'
judgehost_etcdir='/home/oem/domjudge/judgehost/etc'
judgehost_judgedir='/home/oem/domjudge/judgehost/judgings'
judgehost_libdir='/home/oem/domjudge/judgehost/lib'
judgehost_libjudgedir='/home/oem/domjudge/judgehost/lib/judge'
judgehost_logdir='/home/oem/domjudge/judgehost/log'
judgehost_root='/home/oem/domjudge/judgehost'
judgehost_rundir='/home/oem/domjudge/judgehost/run'
judgehost_tmpdir='/home/oem/domjudge/judgehost/tmp'
libdir='${exec_prefix}/lib'
libexecdir='${exec_prefix}/libexec'
localedir='${datarootdir}/locale'
localstatedir='${prefix}/var'
mandir='${datarootdir}/man'
oldincludedir='/usr/include'
pdfdir='${docdir}'
prefix='/home/oem/domjudge'
program_transform_name='s,x,x,'
psdir='${docdir}'
runstatedir='${localstatedir}/run'
sbindir='${exec_prefix}/sbin'
sharedstatedir='${prefix}/com'
sysconfdir='${prefix}/etc'
target_alias=''

## ----------- ##
## confdefs.h. ##
## ----------- ##

/* confdefs.h */
#define PACKAGE_NAME "DOMjudge"
#define PACKAGE_TARNAME "domjudge"
#define PACKAGE_VERSION "7.3.0"
#define PACKAGE_STRING "DOMjudge 7.3.0"
#define PACKAGE_BUGREPORT "domjudge-devel@domjudge.org"
#define PACKAGE_URL ""
#define DOMJUDGE_VERSION "7.3.0"
#define STDC_HEADERS 1
#define HAVE_SYS_TYPES_H 1
#define HAVE_SYS_STAT_H 1
#define HAVE_STDLIB_H 1
#define HAVE_STRING_H 1
#define HAVE_MEMORY_H 1
#define HAVE_STRINGS_H 1
#define HAVE_INTTYPES_H 1
#define HAVE_STDINT_H 1
#define HAVE_UNISTD_H 1
#define HAVE_CURL_CURL_H 1
#define HAVE_JSONCPP_JSON_JSON_H 1
#define _POSIX_C_SOURCE 200809L
#define _XOPEN_SOURCE 500
#define HAVE__BOOL 1
#define HAVE_STDBOOL_H 1
#define HAVE_FCNTL_H 1
#define HAVE_STDLIB_H 1
#define HAVE_STRING_H 1
#define HAVE_SYS_PARAM_H 1
#define HAVE_SYS_TIME_H 1
#define HAVE_SYSLOG_H 1
#define HAVE_TERMIOS_H 1
#define HAVE_UNISTD_H 1
#define HAVE_MAGIC_H 1
#define HAVE_LIBCGROUP_H 1
#define HAVE_FORK 1
#define HAVE_VFORK 1
#define HAVE_WORKING_VFORK 1
#define HAVE_WORKING_FORK 1
#define HAVE_STDLIB_H 1
#define HAVE_MALLOC 1
#define HAVE_STDLIB_H 1
#define HAVE_REALLOC 1
#define HAVE_ATEXIT 1
#define HAVE_DUP2 1
#define HAVE_GETCWD 1
#define HAVE_GETTIMEOFDAY 1
#define HAVE_MEMSET 1
#define HAVE_MKDIR 1
#define HAVE_REALPATH 1
#define HAVE_SETENV 1
#define HAVE_SOCKET 1
#define HAVE_STRCHR 1
#define HAVE_STRDUP 1
#define HAVE_STRERROR 1
#define HAVE_STRNCASECMP 1
#define HAVE_STRRCHR 1
#define HAVE_STRSTR 1
#define HAVE_STRTOL 1

configure: exit 0
