This file contains any messages produced by compilers while
running configure, to aid debugging if configure makes a mistake.

It was created by DOMjudge configure 7.2.0, which was
generated by GNU Autoconf 2.69.  Invocation command line was

  $ ./configure --with-baseurl=http://34.224.1.58:12345/

## --------- ##
## Platform. ##
## --------- ##

hostname = 4a914a8c382f
uname -m = x86_64
uname -r = 5.3.0-1023-aws
uname -s = Linux
uname -v = #25~18.04.1-Ubuntu SMP Fri Jun 5 15:18:30 UTC 2020

/usr/bin/uname -p = x86_64
/bin/uname -X     = unknown

/bin/arch              = x86_64
/usr/bin/arch -k       = unknown
/usr/convex/getsysinfo = unknown
/usr/bin/hostinfo      = unknown
/bin/machine           = unknown
/usr/bin/oslevel       = unknown
/bin/universe          = unknown

PATH: /usr/local/sbin
PATH: /usr/local/bin
PATH: /usr/sbin
PATH: /usr/bin
PATH: /sbin
PATH: /bin


## ----------- ##
## Core tests. ##
## ----------- ##

configure:2535: checking whether configure should try to set CFLAGS
configure:2539: result: yes
configure:2535: checking whether configure should try to set CXXFLAGS
configure:2539: result: yes
configure:2535: checking whether configure should try to set LDFLAGS
configure:2539: result: yes
configure:2594: checking for gcc
configure:2610: found /usr/bin/gcc
configure:2621: result: gcc
configure:2850: checking for C compiler version
configure:2859: gcc --version >&5
gcc (Ubuntu 9.3.0-10ubuntu2) 9.3.0
Copyright (C) 2019 Free Software Foundation, Inc.
This is free software; see the source for copying conditions.  There is NO
warranty; not even for MERCHANTABILITY or FITNESS FOR A PARTICULAR PURPOSE.

configure:2870: $? = 0
configure:2859: gcc -v >&5
Using built-in specs.
COLLECT_GCC=gcc
COLLECT_LTO_WRAPPER=/usr/lib/gcc/x86_64-linux-gnu/9/lto-wrapper
OFFLOAD_TARGET_NAMES=nvptx-none:hsa
OFFLOAD_TARGET_DEFAULT=1
Target: x86_64-linux-gnu
Configured with: ../src/configure -v --with-pkgversion='Ubuntu 9.3.0-10ubuntu2' --with-bugurl=file:///usr/share/doc/gcc-9/README.Bugs --enable-languages=c,ada,c++,go,brig,d,fortran,objc,obj-c++,gm2 --prefix=/usr --with-gcc-major-version-only --program-suffix=-9 --program-prefix=x86_64-linux-gnu- --enable-shared --enable-linker-build-id --libexecdir=/usr/lib --without-included-gettext --enable-threads=posix --libdir=/usr/lib --enable-nls --enable-clocale=gnu --enable-libstdcxx-debug --enable-libstdcxx-time=yes --with-default-libstdcxx-abi=new --enable-gnu-unique-object --disable-vtable-verify --enable-plugin --enable-default-pie --with-system-zlib --with-target-system-zlib=auto --enable-objc-gc=auto --enable-multiarch --disable-werror --with-arch-32=i686 --with-abi=m64 --with-multilib-list=m32,m64,mx32 --enable-multilib --with-tune=generic --enable-offload-targets=nvptx-none,hsa --without-cuda-driver --enable-checking=release --build=x86_64-linux-gnu --host=x86_64-linux-gnu --target=x86_64-linux-gnu
Thread model: posix
gcc version 9.3.0 (Ubuntu 9.3.0-10ubuntu2) 
configure:2870: $? = 0
configure:2859: gcc -V >&5
gcc: error: unrecognized command line option '-V'
gcc: fatal error: no input files
compilation terminated.
configure:2870: $? = 1
configure:2859: gcc -qversion >&5
gcc: error: unrecognized command line option '-qversion'; did you mean '--version'?
gcc: fatal error: no input files
compilation terminated.
configure:2870: $? = 1
configure:2890: checking whether the C compiler works
configure:2912: gcc    conftest.c  >&5
configure:2916: $? = 0
configure:2964: result: yes
configure:2967: checking for C compiler default output file name
configure:2969: result: a.out
configure:2975: checking for suffix of executables
configure:2982: gcc -o conftest    conftest.c  >&5
configure:2986: $? = 0
configure:3008: result: 
configure:3030: checking whether we are cross compiling
configure:3038: gcc -o conftest    conftest.c  >&5
configure:3042: $? = 0
configure:3049: ./conftest
configure:3053: $? = 0
configure:3041: result: no
configure:3046: checking for suffix of object files
configure:3068: gcc -c   conftest.c >&5
configure:3072: $? = 0
configure:3093: result: o
configure:3097: checking whether we are using the GNU C compiler
configure:3116: gcc -c   conftest.c >&5
configure:3116: $? = 0
configure:3125: result: yes
configure:3134: checking whether gcc accepts -g
configure:3154: gcc -c -g  conftest.c >&5
configure:3154: $? = 0
configure:3195: result: yes
configure:3212: checking for gcc option to accept ISO C89
configure:3275: gcc  -c -g -O2  conftest.c >&5
configure:3275: $? = 0
configure:3288: result: none needed
configure:3315: checking whether C compiler accepts -Wall
configure:3334: gcc -c -g -O2  -Wall  conftest.c >&5
configure:3334: $? = 0
configure:3343: result: yes
configure:3359: : DEF_CXFLAGS="$DEF_CXFLAGS"
configure:3362: $? = 0
configure:3390: checking whether C compiler accepts -fstack-protector
configure:3409: gcc -c -g -O2  -fstack-protector  conftest.c >&5
configure:3409: $? = 0
configure:3418: result: yes
configure:3434: : DEF_CXFLAGS="$DEF_CXFLAGS"
configure:3437: $? = 0
configure:3465: checking whether C compiler accepts -fPIE
configure:3484: gcc -c -g -O2  -fPIE  conftest.c >&5
configure:3484: $? = 0
configure:3493: result: yes
configure:3509: : DEF_CXFLAGS="$DEF_CXFLAGS"
configure:3512: $? = 0
configure:3540: checking whether C compiler accepts -D_FORTIFY_SOURCE=2
configure:3559: gcc -c -g -O2  -D_FORTIFY_SOURCE=2  conftest.c >&5
configure:3559: $? = 0
configure:3568: result: yes
configure:3584: : DEF_CXFLAGS="$DEF_CXFLAGS"
configure:3587: $? = 0
configure:3615: checking whether the linker accepts -fPIE
configure:3634: gcc -o conftest -g -O2    -fPIE conftest.c  >&5
configure:3634: $? = 0
configure:3644: result: yes
configure:3660: : DEF_LDFLAGS="$DEF_LDFLAGS"
configure:3663: $? = 0
configure:3615: checking whether the linker accepts -pie
configure:3634: gcc -o conftest -g -O2    -pie conftest.c  >&5
configure:3634: $? = 0
configure:3644: result: yes
configure:3660: : DEF_LDFLAGS="$DEF_LDFLAGS"
configure:3663: $? = 0
configure:3691: checking whether the linker accepts -Wl,-z,relro
configure:3710: gcc -o conftest -g -O2    -Wl,-z,relro conftest.c  >&5
configure:3710: $? = 0
configure:3720: result: yes
configure:3736: : DEF_LDFLAGS="$DEF_LDFLAGS"
configure:3739: $? = 0
configure:3767: checking whether the linker accepts -Wl,-z,now
configure:3786: gcc -o conftest -g -O2    -Wl,-z,now conftest.c  >&5
configure:3786: $? = 0
configure:3796: result: yes
configure:3812: : DEF_LDFLAGS="$DEF_LDFLAGS"
configure:3815: $? = 0
configure:3863: checking domjudge-user
configure:3880: result:  (default: current user)
configure:3889: checking webserver-group
configure:3910: result: www-data (detected)
configure:3925: checking runuser
configure:3937: result: domjudge-run (default)
configure:3946: checking rungroup
configure:3958: result: domjudge-run (default)
configure:3968: checking for cgroup_init in -lcgroup
configure:3993: gcc -o conftest -g -O2 -Wall -fstack-protector -fPIE -D_FORTIFY_SOURCE=2   -fPIE -pie -Wl,-z,relro -Wl,-z,now conftest.c -lcgroup   >&5
configure:3993: $? = 0
configure:4002: result: yes
configure:4414: checking baseurl
configure:4434: result: http://34.224.1.58:12345/
configure:4502: checking for g++
configure:4518: found /usr/bin/g++
configure:4529: result: g++
configure:4556: checking for C++ compiler version
configure:4565: g++ --version >&5
g++ (Ubuntu 9.3.0-10ubuntu2) 9.3.0
Copyright (C) 2019 Free Software Foundation, Inc.
This is free software; see the source for copying conditions.  There is NO
warranty; not even for MERCHANTABILITY or FITNESS FOR A PARTICULAR PURPOSE.

configure:4576: $? = 0
configure:4565: g++ -v >&5
Using built-in specs.
COLLECT_GCC=g++
COLLECT_LTO_WRAPPER=/usr/lib/gcc/x86_64-linux-gnu/9/lto-wrapper
OFFLOAD_TARGET_NAMES=nvptx-none:hsa
OFFLOAD_TARGET_DEFAULT=1
Target: x86_64-linux-gnu
Configured with: ../src/configure -v --with-pkgversion='Ubuntu 9.3.0-10ubuntu2' --with-bugurl=file:///usr/share/doc/gcc-9/README.Bugs --enable-languages=c,ada,c++,go,brig,d,fortran,objc,obj-c++,gm2 --prefix=/usr --with-gcc-major-version-only --program-suffix=-9 --program-prefix=x86_64-linux-gnu- --enable-shared --enable-linker-build-id --libexecdir=/usr/lib --without-included-gettext --enable-threads=posix --libdir=/usr/lib --enable-nls --enable-clocale=gnu --enable-libstdcxx-debug --enable-libstdcxx-time=yes --with-default-libstdcxx-abi=new --enable-gnu-unique-object --disable-vtable-verify --enable-plugin --enable-default-pie --with-system-zlib --with-target-system-zlib=auto --enable-objc-gc=auto --enable-multiarch --disable-werror --with-arch-32=i686 --with-abi=m64 --with-multilib-list=m32,m64,mx32 --enable-multilib --with-tune=generic --enable-offload-targets=nvptx-none,hsa --without-cuda-driver --enable-checking=release --build=x86_64-linux-gnu --host=x86_64-linux-gnu --target=x86_64-linux-gnu
Thread model: posix
gcc version 9.3.0 (Ubuntu 9.3.0-10ubuntu2) 
configure:4576: $? = 0
configure:4565: g++ -V >&5
g++: error: unrecognized command line option '-V'
g++: fatal error: no input files
compilation terminated.
configure:4576: $? = 1
configure:4565: g++ -qversion >&5
g++: error: unrecognized command line option '-qversion'; did you mean '--version'?
g++: fatal error: no input files
compilation terminated.
configure:4576: $? = 1
configure:4580: checking whether we are using the GNU C++ compiler
configure:4599: g++ -c -g -O2 -Wall -fstack-protector -fPIE -D_FORTIFY_SOURCE=2  conftest.cpp >&5
configure:4599: $? = 0
configure:4608: result: yes
configure:4617: checking whether g++ accepts -g
configure:4637: g++ -c -g  conftest.cpp >&5
configure:4637: $? = 0
configure:4678: result: yes
configure:4749: checking for gcc
configure:4776: result: gcc
configure:5005: checking for C compiler version
configure:5014: gcc --version >&5
gcc (Ubuntu 9.3.0-10ubuntu2) 9.3.0
Copyright (C) 2019 Free Software Foundation, Inc.
This is free software; see the source for copying conditions.  There is NO
warranty; not even for MERCHANTABILITY or FITNESS FOR A PARTICULAR PURPOSE.

configure:5025: $? = 0
configure:5014: gcc -v >&5
Using built-in specs.
COLLECT_GCC=gcc
COLLECT_LTO_WRAPPER=/usr/lib/gcc/x86_64-linux-gnu/9/lto-wrapper
OFFLOAD_TARGET_NAMES=nvptx-none:hsa
OFFLOAD_TARGET_DEFAULT=1
Target: x86_64-linux-gnu
Configured with: ../src/configure -v --with-pkgversion='Ubuntu 9.3.0-10ubuntu2' --with-bugurl=file:///usr/share/doc/gcc-9/README.Bugs --enable-languages=c,ada,c++,go,brig,d,fortran,objc,obj-c++,gm2 --prefix=/usr --with-gcc-major-version-only --program-suffix=-9 --program-prefix=x86_64-linux-gnu- --enable-shared --enable-linker-build-id --libexecdir=/usr/lib --without-included-gettext --enable-threads=posix --libdir=/usr/lib --enable-nls --enable-clocale=gnu --enable-libstdcxx-debug --enable-libstdcxx-time=yes --with-default-libstdcxx-abi=new --enable-gnu-unique-object --disable-vtable-verify --enable-plugin --enable-default-pie --with-system-zlib --with-target-system-zlib=auto --enable-objc-gc=auto --enable-multiarch --disable-werror --with-arch-32=i686 --with-abi=m64 --with-multilib-list=m32,m64,mx32 --enable-multilib --with-tune=generic --enable-offload-targets=nvptx-none,hsa --without-cuda-driver --enable-checking=release --build=x86_64-linux-gnu --host=x86_64-linux-gnu --target=x86_64-linux-gnu
Thread model: posix
gcc version 9.3.0 (Ubuntu 9.3.0-10ubuntu2) 
configure:5025: $? = 0
configure:5014: gcc -V >&5
gcc: error: unrecognized command line option '-V'
gcc: fatal error: no input files
compilation terminated.
configure:5025: $? = 1
configure:5014: gcc -qversion >&5
gcc: error: unrecognized command line option '-qversion'; did you mean '--version'?
gcc: fatal error: no input files
compilation terminated.
configure:5025: $? = 1
configure:5029: checking whether we are using the GNU C compiler
configure:5057: result: yes
configure:5066: checking whether gcc accepts -g
configure:5127: result: yes
configure:5144: checking for gcc option to accept ISO C89
configure:5220: result: none needed
configure:5245: checking how to run the C++ preprocessor
configure:5272: g++ -E  conftest.cpp
configure:5272: $? = 0
configure:5286: g++ -E  conftest.cpp
conftest.cpp:10:10: fatal error: ac_nonexistent.h: No such file or directory
   10 | #include <ac_nonexistent.h>
      |          ^~~~~~~~~~~~~~~~~~
compilation terminated.
configure:5286: $? = 1
configure: failed program was:
| /* confdefs.h */
| #define PACKAGE_NAME "DOMjudge"
| #define PACKAGE_TARNAME "domjudge"
| #define PACKAGE_VERSION "7.2.0"
| #define PACKAGE_STRING "DOMjudge 7.2.0"
| #define PACKAGE_BUGREPORT "domjudge-devel@domjudge.org"
| #define PACKAGE_URL ""
| #define DOMJUDGE_VERSION "7.2.0"
| /* end confdefs.h.  */
| #include <ac_nonexistent.h>
configure:5311: result: g++ -E
configure:5331: g++ -E  conftest.cpp
configure:5331: $? = 0
configure:5345: g++ -E  conftest.cpp
conftest.cpp:10:10: fatal error: ac_nonexistent.h: No such file or directory
   10 | #include <ac_nonexistent.h>
      |          ^~~~~~~~~~~~~~~~~~
compilation terminated.
configure:5345: $? = 1
configure: failed program was:
| /* confdefs.h */
| #define PACKAGE_NAME "DOMjudge"
| #define PACKAGE_TARNAME "domjudge"
| #define PACKAGE_VERSION "7.2.0"
| #define PACKAGE_STRING "DOMjudge 7.2.0"
| #define PACKAGE_BUGREPORT "domjudge-devel@domjudge.org"
| #define PACKAGE_URL ""
| #define DOMJUDGE_VERSION "7.2.0"
| /* end confdefs.h.  */
| #include <ac_nonexistent.h>
configure:5378: checking how to run the C preprocessor
configure:5409: gcc -E  conftest.c
configure:5409: $? = 0
configure:5423: gcc -E  conftest.c
conftest.c:10:10: fatal error: ac_nonexistent.h: No such file or directory
   10 | #include <ac_nonexistent.h>
      |          ^~~~~~~~~~~~~~~~~~
compilation terminated.
configure:5423: $? = 1
configure: failed program was:
| /* confdefs.h */
| #define PACKAGE_NAME "DOMjudge"
| #define PACKAGE_TARNAME "domjudge"
| #define PACKAGE_VERSION "7.2.0"
| #define PACKAGE_STRING "DOMjudge 7.2.0"
| #define PACKAGE_BUGREPORT "domjudge-devel@domjudge.org"
| #define PACKAGE_URL ""
| #define DOMJUDGE_VERSION "7.2.0"
| /* end confdefs.h.  */
| #include <ac_nonexistent.h>
configure:5448: result: gcc -E
configure:5468: gcc -E  conftest.c
configure:5468: $? = 0
configure:5482: gcc -E  conftest.c
conftest.c:10:10: fatal error: ac_nonexistent.h: No such file or directory
   10 | #include <ac_nonexistent.h>
      |          ^~~~~~~~~~~~~~~~~~
compilation terminated.
configure:5482: $? = 1
configure: failed program was:
| /* confdefs.h */
| #define PACKAGE_NAME "DOMjudge"
| #define PACKAGE_TARNAME "domjudge"
| #define PACKAGE_VERSION "7.2.0"
| #define PACKAGE_STRING "DOMjudge 7.2.0"
| #define PACKAGE_BUGREPORT "domjudge-devel@domjudge.org"
| #define PACKAGE_URL ""
| #define DOMJUDGE_VERSION "7.2.0"
| /* end confdefs.h.  */
| #include <ac_nonexistent.h>
configure:5553: checking for a BSD-compatible install
configure:5621: result: /usr/bin/install -c
configure:5632: checking whether ln -s works
configure:5636: result: yes
configure:5643: checking whether make sets $(MAKE)
configure:5665: result: yes
configure:5674: checking for a thread-safe mkdir -p
configure:5713: result: /usr/bin/mkdir -p
configure:5718: checking for magic_open in -lmagic
configure:5743: gcc -o conftest -g -O2 -Wall -fstack-protector -fPIE -D_FORTIFY_SOURCE=2   -fPIE -pie -Wl,-z,relro -Wl,-z,now conftest.c -lmagic   >&5
configure:5743: $? = 0
configure:5752: result: yes
configure:5773: checking for a sed that does not truncate output
configure:5837: result: /usr/bin/sed
configure:5846: checking for gawk
configure:5862: found /usr/bin/gawk
configure:5873: result: gawk
configure:5944: checking for curl-config
configure:5962: found /usr/bin/curl-config
configure:5974: result: /usr/bin/curl-config
configure:6027: checking for curl (7.68.0) >= 7.9.7
configure:6062: result: yes
configure:6101: checking for grep that handles long lines and -e
configure:6159: result: /usr/bin/grep
configure:6164: checking for egrep
configure:6226: result: /usr/bin/grep -E
configure:6231: checking for ANSI C header files
configure:6251: gcc -c -g -O2 -Wall -fstack-protector -fPIE -D_FORTIFY_SOURCE=2   conftest.c >&5
configure:6251: $? = 0
configure:6324: gcc -o conftest -g -O2 -Wall -fstack-protector -fPIE -D_FORTIFY_SOURCE=2    -fPIE -pie -Wl,-z,relro -Wl,-z,now conftest.c  >&5
configure:6324: $? = 0
configure:6324: ./conftest
configure:6324: $? = 0
configure:6335: result: yes
configure:6348: checking for sys/types.h
configure:6348: gcc -c -g -O2 -Wall -fstack-protector -fPIE -D_FORTIFY_SOURCE=2   conftest.c >&5
configure:6348: $? = 0
configure:6348: result: yes
configure:6348: checking for sys/stat.h
configure:6348: gcc -c -g -O2 -Wall -fstack-protector -fPIE -D_FORTIFY_SOURCE=2   conftest.c >&5
configure:6348: $? = 0
configure:6348: result: yes
configure:6348: checking for stdlib.h
configure:6348: gcc -c -g -O2 -Wall -fstack-protector -fPIE -D_FORTIFY_SOURCE=2   conftest.c >&5
configure:6348: $? = 0
configure:6348: result: yes
configure:6348: checking for string.h
configure:6348: gcc -c -g -O2 -Wall -fstack-protector -fPIE -D_FORTIFY_SOURCE=2   conftest.c >&5
configure:6348: $? = 0
configure:6348: result: yes
configure:6348: checking for memory.h
configure:6348: gcc -c -g -O2 -Wall -fstack-protector -fPIE -D_FORTIFY_SOURCE=2   conftest.c >&5
configure:6348: $? = 0
configure:6348: result: yes
configure:6348: checking for strings.h
configure:6348: gcc -c -g -O2 -Wall -fstack-protector -fPIE -D_FORTIFY_SOURCE=2   conftest.c >&5
configure:6348: $? = 0
configure:6348: result: yes
configure:6348: checking for inttypes.h
configure:6348: gcc -c -g -O2 -Wall -fstack-protector -fPIE -D_FORTIFY_SOURCE=2   conftest.c >&5
configure:6348: $? = 0
configure:6348: result: yes
configure:6348: checking for stdint.h
configure:6348: gcc -c -g -O2 -Wall -fstack-protector -fPIE -D_FORTIFY_SOURCE=2   conftest.c >&5
configure:6348: $? = 0
configure:6348: result: yes
configure:6348: checking for unistd.h
configure:6348: gcc -c -g -O2 -Wall -fstack-protector -fPIE -D_FORTIFY_SOURCE=2   conftest.c >&5
configure:6348: $? = 0
configure:6348: result: yes
configure:6362: checking curl/curl.h usability
configure:6362: gcc -c -g -O2 -Wall -fstack-protector -fPIE -D_FORTIFY_SOURCE=2   conftest.c >&5
configure:6362: $? = 0
configure:6362: result: yes
configure:6362: checking curl/curl.h presence
configure:6362: gcc -E   conftest.c
configure:6362: $? = 0
configure:6362: result: yes
configure:6362: checking for curl/curl.h
configure:6362: result: yes
configure:6437: checking jsoncpp/json/json.h usability
configure:6437: g++ -c -g -O2 -Wall -fstack-protector -fPIE -D_FORTIFY_SOURCE=2  conftest.cpp >&5
configure:6437: $? = 0
configure:6437: result: yes
configure:6437: checking jsoncpp/json/json.h presence
configure:6437: g++ -E  conftest.cpp
configure:6437: $? = 0
configure:6437: result: yes
configure:6437: checking for jsoncpp/json/json.h
configure:6437: result: yes
configure:6516: checking for stdbool.h that conforms to C99
configure:6583: gcc -c -g -O2 -Wall -fstack-protector -fPIE -D_FORTIFY_SOURCE=2  conftest.c >&5
conftest.c: In function 'main':
conftest.c:73:14: warning: the address of 's' will always evaluate as 'true' [-Waddress]
   73 |              bool e = &s;
      |              ^~~~
conftest.c:77:22: warning: the address of 'a' will always evaluate as 'true' [-Waddress]
   77 |              return (!a + !b + !c + !d + !e + !f + !g + !h + !i + !!j + !k + !!l
      |                      ^
conftest.c:77:27: warning: the address of 'b' will always evaluate as 'true' [-Waddress]
   77 |              return (!a + !b + !c + !d + !e + !f + !g + !h + !i + !!j + !k + !!l
      |                           ^
conftest.c:77:32: warning: the address of 'c' will always evaluate as 'true' [-Waddress]
   77 |              return (!a + !b + !c + !d + !e + !f + !g + !h + !i + !!j + !k + !!l
      |                                ^
conftest.c:77:37: warning: the address of 'd' will always evaluate as 'true' [-Waddress]
   77 |              return (!a + !b + !c + !d + !e + !f + !g + !h + !i + !!j + !k + !!l
      |                                     ^
conftest.c:77:47: warning: the address of 'f' will always evaluate as 'true' [-Waddress]
   77 |              return (!a + !b + !c + !d + !e + !f + !g + !h + !i + !!j + !k + !!l
      |                                               ^
conftest.c:77:52: warning: the address of 'g' will always evaluate as 'true' [-Waddress]
   77 |              return (!a + !b + !c + !d + !e + !f + !g + !h + !i + !!j + !k + !!l
      |                                                    ^
conftest.c:77:57: warning: the address of 'h' will always evaluate as 'true' [-Waddress]
   77 |              return (!a + !b + !c + !d + !e + !f + !g + !h + !i + !!j + !k + !!l
      |                                                         ^
conftest.c:77:62: warning: the address of 'i' will always evaluate as 'true' [-Waddress]
   77 |              return (!a + !b + !c + !d + !e + !f + !g + !h + !i + !!j + !k + !!l
      |                                                              ^
conftest.c:78:29: warning: the address of 'n' will always evaluate as 'true' [-Waddress]
   78 |                      + !m + !n + !o + !p + !q + !pq);
      |                             ^
conftest.c:78:34: warning: the address of 'o' will always evaluate as 'true' [-Waddress]
   78 |                      + !m + !n + !o + !p + !q + !pq);
      |                                  ^
conftest.c:78:39: warning: the address of 'p' will always evaluate as 'true' [-Waddress]
   78 |                      + !m + !n + !o + !p + !q + !pq);
      |                                       ^
configure:6583: $? = 0
configure:6590: result: yes
configure:6592: checking for _Bool
configure:6592: gcc -c -g -O2 -Wall -fstack-protector -fPIE -D_FORTIFY_SOURCE=2  conftest.c >&5
configure:6592: $? = 0
configure:6592: gcc -c -g -O2 -Wall -fstack-protector -fPIE -D_FORTIFY_SOURCE=2  conftest.c >&5
conftest.c: In function 'main':
conftest.c:60:20: error: expected expression before ')' token
   60 | if (sizeof ((_Bool)))
      |                    ^
configure:6592: $? = 1
configure: failed program was:
| /* confdefs.h */
| #define PACKAGE_NAME "DOMjudge"
| #define PACKAGE_TARNAME "domjudge"
| #define PACKAGE_VERSION "7.2.0"
| #define PACKAGE_STRING "DOMjudge 7.2.0"
| #define PACKAGE_BUGREPORT "domjudge-devel@domjudge.org"
| #define PACKAGE_URL ""
| #define DOMJUDGE_VERSION "7.2.0"
| #define STDC_HEADERS 1
| #define HAVE_SYS_TYPES_H 1
| #define HAVE_SYS_STAT_H 1
| #define HAVE_STDLIB_H 1
| #define HAVE_STRING_H 1
| #define HAVE_MEMORY_H 1
| #define HAVE_STRINGS_H 1
| #define HAVE_INTTYPES_H 1
| #define HAVE_STDINT_H 1
| #define HAVE_UNISTD_H 1
| #define HAVE_CURL_CURL_H 1
| #define HAVE_JSONCPP_JSON_JSON_H 1
| #define _POSIX_C_SOURCE 200809L
| #define _XOPEN_SOURCE 500
| /* end confdefs.h.  */
| #include <stdio.h>
| #ifdef HAVE_SYS_TYPES_H
| # include <sys/types.h>
| #endif
| #ifdef HAVE_SYS_STAT_H
| # include <sys/stat.h>
| #endif
| #ifdef STDC_HEADERS
| # include <stdlib.h>
| # include <stddef.h>
| #else
| # ifdef HAVE_STDLIB_H
| #  include <stdlib.h>
| # endif
| #endif
| #ifdef HAVE_STRING_H
| # if !defined STDC_HEADERS && defined HAVE_MEMORY_H
| #  include <memory.h>
| # endif
| # include <string.h>
| #endif
| #ifdef HAVE_STRINGS_H
| # include <strings.h>
| #endif
| #ifdef HAVE_INTTYPES_H
| # include <inttypes.h>
| #endif
| #ifdef HAVE_STDINT_H
| # include <stdint.h>
| #endif
| #ifdef HAVE_UNISTD_H
| # include <unistd.h>
| #endif
| int
| main ()
| {
| if (sizeof ((_Bool)))
| 	    return 0;
|   ;
|   return 0;
| }
configure:6592: result: yes
configure:6612: checking fcntl.h usability
configure:6612: gcc -c -g -O2 -Wall -fstack-protector -fPIE -D_FORTIFY_SOURCE=2  conftest.c >&5
configure:6612: $? = 0
configure:6612: result: yes
configure:6612: checking fcntl.h presence
configure:6612: gcc -E  conftest.c
configure:6612: $? = 0
configure:6612: result: yes
configure:6612: checking for fcntl.h
configure:6612: result: yes
configure:6612: checking for stdlib.h
configure:6612: result: yes
configure:6612: checking for string.h
configure:6612: result: yes
configure:6612: checking sys/param.h usability
configure:6612: gcc -c -g -O2 -Wall -fstack-protector -fPIE -D_FORTIFY_SOURCE=2  conftest.c >&5
configure:6612: $? = 0
configure:6612: result: yes
configure:6612: checking sys/param.h presence
configure:6612: gcc -E  conftest.c
configure:6612: $? = 0
configure:6612: result: yes
configure:6612: checking for sys/param.h
configure:6612: result: yes
configure:6612: checking sys/time.h usability
configure:6612: gcc -c -g -O2 -Wall -fstack-protector -fPIE -D_FORTIFY_SOURCE=2  conftest.c >&5
configure:6612: $? = 0
configure:6612: result: yes
configure:6612: checking sys/time.h presence
configure:6612: gcc -E  conftest.c
configure:6612: $? = 0
configure:6612: result: yes
configure:6612: checking for sys/time.h
configure:6612: result: yes
configure:6612: checking syslog.h usability
configure:6612: gcc -c -g -O2 -Wall -fstack-protector -fPIE -D_FORTIFY_SOURCE=2  conftest.c >&5
configure:6612: $? = 0
configure:6612: result: yes
configure:6612: checking syslog.h presence
configure:6612: gcc -E  conftest.c
configure:6612: $? = 0
configure:6612: result: yes
configure:6612: checking for syslog.h
configure:6612: result: yes
configure:6612: checking termios.h usability
configure:6612: gcc -c -g -O2 -Wall -fstack-protector -fPIE -D_FORTIFY_SOURCE=2  conftest.c >&5
configure:6612: $? = 0
configure:6612: result: yes
configure:6612: checking termios.h presence
configure:6612: gcc -E  conftest.c
configure:6612: $? = 0
configure:6612: result: yes
configure:6612: checking for termios.h
configure:6612: result: yes
configure:6612: checking for unistd.h
configure:6612: result: yes
configure:6612: checking magic.h usability
configure:6612: gcc -c -g -O2 -Wall -fstack-protector -fPIE -D_FORTIFY_SOURCE=2  conftest.c >&5
configure:6612: $? = 0
configure:6612: result: yes
configure:6612: checking magic.h presence
configure:6612: gcc -E  conftest.c
configure:6612: $? = 0
configure:6612: result: yes
configure:6612: checking for magic.h
configure:6612: result: yes
configure:6612: checking libcgroup.h usability
configure:6612: gcc -c -g -O2 -Wall -fstack-protector -fPIE -D_FORTIFY_SOURCE=2  conftest.c >&5
configure:6612: $? = 0
configure:6612: result: yes
configure:6612: checking libcgroup.h presence
configure:6612: gcc -E  conftest.c
configure:6612: $? = 0
configure:6612: result: yes
configure:6612: checking for libcgroup.h
configure:6612: result: yes
configure:6624: checking for inline
configure:6640: gcc -c -g -O2 -Wall -fstack-protector -fPIE -D_FORTIFY_SOURCE=2  conftest.c >&5
configure:6640: $? = 0
configure:6648: result: inline
configure:6666: checking for pid_t
configure:6666: gcc -c -g -O2 -Wall -fstack-protector -fPIE -D_FORTIFY_SOURCE=2  conftest.c >&5
configure:6666: $? = 0
configure:6666: gcc -c -g -O2 -Wall -fstack-protector -fPIE -D_FORTIFY_SOURCE=2  conftest.c >&5
conftest.c: In function 'main':
conftest.c:72:20: error: expected expression before ')' token
   72 | if (sizeof ((pid_t)))
      |                    ^
configure:6666: $? = 1
configure: failed program was:
| /* confdefs.h */
| #define PACKAGE_NAME "DOMjudge"
| #define PACKAGE_TARNAME "domjudge"
| #define PACKAGE_VERSION "7.2.0"
| #define PACKAGE_STRING "DOMjudge 7.2.0"
| #define PACKAGE_BUGREPORT "domjudge-devel@domjudge.org"
| #define PACKAGE_URL ""
| #define DOMJUDGE_VERSION "7.2.0"
| #define STDC_HEADERS 1
| #define HAVE_SYS_TYPES_H 1
| #define HAVE_SYS_STAT_H 1
| #define HAVE_STDLIB_H 1
| #define HAVE_STRING_H 1
| #define HAVE_MEMORY_H 1
| #define HAVE_STRINGS_H 1
| #define HAVE_INTTYPES_H 1
| #define HAVE_STDINT_H 1
| #define HAVE_UNISTD_H 1
| #define HAVE_CURL_CURL_H 1
| #define HAVE_JSONCPP_JSON_JSON_H 1
| #define _POSIX_C_SOURCE 200809L
| #define _XOPEN_SOURCE 500
| #define HAVE__BOOL 1
| #define HAVE_STDBOOL_H 1
| #define HAVE_FCNTL_H 1
| #define HAVE_STDLIB_H 1
| #define HAVE_STRING_H 1
| #define HAVE_SYS_PARAM_H 1
| #define HAVE_SYS_TIME_H 1
| #define HAVE_SYSLOG_H 1
| #define HAVE_TERMIOS_H 1
| #define HAVE_UNISTD_H 1
| #define HAVE_MAGIC_H 1
| #define HAVE_LIBCGROUP_H 1
| /* end confdefs.h.  */
| #include <stdio.h>
| #ifdef HAVE_SYS_TYPES_H
| # include <sys/types.h>
| #endif
| #ifdef HAVE_SYS_STAT_H
| # include <sys/stat.h>
| #endif
| #ifdef STDC_HEADERS
| # include <stdlib.h>
| # include <stddef.h>
| #else
| # ifdef HAVE_STDLIB_H
| #  include <stdlib.h>
| # endif
| #endif
| #ifdef HAVE_STRING_H
| # if !defined STDC_HEADERS && defined HAVE_MEMORY_H
| #  include <memory.h>
| # endif
| # include <string.h>
| #endif
| #ifdef HAVE_STRINGS_H
| # include <strings.h>
| #endif
| #ifdef HAVE_INTTYPES_H
| # include <inttypes.h>
| #endif
| #ifdef HAVE_STDINT_H
| # include <stdint.h>
| #endif
| #ifdef HAVE_UNISTD_H
| # include <unistd.h>
| #endif
| int
| main ()
| {
| if (sizeof ((pid_t)))
| 	    return 0;
|   ;
|   return 0;
| }
configure:6666: result: yes
configure:6677: checking for size_t
configure:6677: gcc -c -g -O2 -Wall -fstack-protector -fPIE -D_FORTIFY_SOURCE=2  conftest.c >&5
configure:6677: $? = 0
configure:6677: gcc -c -g -O2 -Wall -fstack-protector -fPIE -D_FORTIFY_SOURCE=2  conftest.c >&5
conftest.c: In function 'main':
conftest.c:72:21: error: expected expression before ')' token
   72 | if (sizeof ((size_t)))
      |                     ^
configure:6677: $? = 1
configure: failed program was:
| /* confdefs.h */
| #define PACKAGE_NAME "DOMjudge"
| #define PACKAGE_TARNAME "domjudge"
| #define PACKAGE_VERSION "7.2.0"
| #define PACKAGE_STRING "DOMjudge 7.2.0"
| #define PACKAGE_BUGREPORT "domjudge-devel@domjudge.org"
| #define PACKAGE_URL ""
| #define DOMJUDGE_VERSION "7.2.0"
| #define STDC_HEADERS 1
| #define HAVE_SYS_TYPES_H 1
| #define HAVE_SYS_STAT_H 1
| #define HAVE_STDLIB_H 1
| #define HAVE_STRING_H 1
| #define HAVE_MEMORY_H 1
| #define HAVE_STRINGS_H 1
| #define HAVE_INTTYPES_H 1
| #define HAVE_STDINT_H 1
| #define HAVE_UNISTD_H 1
| #define HAVE_CURL_CURL_H 1
| #define HAVE_JSONCPP_JSON_JSON_H 1
| #define _POSIX_C_SOURCE 200809L
| #define _XOPEN_SOURCE 500
| #define HAVE__BOOL 1
| #define HAVE_STDBOOL_H 1
| #define HAVE_FCNTL_H 1
| #define HAVE_STDLIB_H 1
| #define HAVE_STRING_H 1
| #define HAVE_SYS_PARAM_H 1
| #define HAVE_SYS_TIME_H 1
| #define HAVE_SYSLOG_H 1
| #define HAVE_TERMIOS_H 1
| #define HAVE_UNISTD_H 1
| #define HAVE_MAGIC_H 1
| #define HAVE_LIBCGROUP_H 1
| /* end confdefs.h.  */
| #include <stdio.h>
| #ifdef HAVE_SYS_TYPES_H
| # include <sys/types.h>
| #endif
| #ifdef HAVE_SYS_STAT_H
| # include <sys/stat.h>
| #endif
| #ifdef STDC_HEADERS
| # include <stdlib.h>
| # include <stddef.h>
| #else
| # ifdef HAVE_STDLIB_H
| #  include <stdlib.h>
| # endif
| #endif
| #ifdef HAVE_STRING_H
| # if !defined STDC_HEADERS && defined HAVE_MEMORY_H
| #  include <memory.h>
| # endif
| # include <string.h>
| #endif
| #ifdef HAVE_STRINGS_H
| # include <strings.h>
| #endif
| #ifdef HAVE_INTTYPES_H
| # include <inttypes.h>
| #endif
| #ifdef HAVE_STDINT_H
| # include <stdint.h>
| #endif
| #ifdef HAVE_UNISTD_H
| # include <unistd.h>
| #endif
| int
| main ()
| {
| if (sizeof ((size_t)))
| 	    return 0;
|   ;
|   return 0;
| }
configure:6677: result: yes
configure:6688: checking for ssize_t
configure:6688: gcc -c -g -O2 -Wall -fstack-protector -fPIE -D_FORTIFY_SOURCE=2  conftest.c >&5
configure:6688: $? = 0
configure:6688: gcc -c -g -O2 -Wall -fstack-protector -fPIE -D_FORTIFY_SOURCE=2  conftest.c >&5
conftest.c: In function 'main':
conftest.c:72:22: error: expected expression before ')' token
   72 | if (sizeof ((ssize_t)))
      |                      ^
configure:6688: $? = 1
configure: failed program was:
| /* confdefs.h */
| #define PACKAGE_NAME "DOMjudge"
| #define PACKAGE_TARNAME "domjudge"
| #define PACKAGE_VERSION "7.2.0"
| #define PACKAGE_STRING "DOMjudge 7.2.0"
| #define PACKAGE_BUGREPORT "domjudge-devel@domjudge.org"
| #define PACKAGE_URL ""
| #define DOMJUDGE_VERSION "7.2.0"
| #define STDC_HEADERS 1
| #define HAVE_SYS_TYPES_H 1
| #define HAVE_SYS_STAT_H 1
| #define HAVE_STDLIB_H 1
| #define HAVE_STRING_H 1
| #define HAVE_MEMORY_H 1
| #define HAVE_STRINGS_H 1
| #define HAVE_INTTYPES_H 1
| #define HAVE_STDINT_H 1
| #define HAVE_UNISTD_H 1
| #define HAVE_CURL_CURL_H 1
| #define HAVE_JSONCPP_JSON_JSON_H 1
| #define _POSIX_C_SOURCE 200809L
| #define _XOPEN_SOURCE 500
| #define HAVE__BOOL 1
| #define HAVE_STDBOOL_H 1
| #define HAVE_FCNTL_H 1
| #define HAVE_STDLIB_H 1
| #define HAVE_STRING_H 1
| #define HAVE_SYS_PARAM_H 1
| #define HAVE_SYS_TIME_H 1
| #define HAVE_SYSLOG_H 1
| #define HAVE_TERMIOS_H 1
| #define HAVE_UNISTD_H 1
| #define HAVE_MAGIC_H 1
| #define HAVE_LIBCGROUP_H 1
| /* end confdefs.h.  */
| #include <stdio.h>
| #ifdef HAVE_SYS_TYPES_H
| # include <sys/types.h>
| #endif
| #ifdef HAVE_SYS_STAT_H
| # include <sys/stat.h>
| #endif
| #ifdef STDC_HEADERS
| # include <stdlib.h>
| # include <stddef.h>
| #else
| # ifdef HAVE_STDLIB_H
| #  include <stdlib.h>
| # endif
| #endif
| #ifdef HAVE_STRING_H
| # if !defined STDC_HEADERS && defined HAVE_MEMORY_H
| #  include <memory.h>
| # endif
| # include <string.h>
| #endif
| #ifdef HAVE_STRINGS_H
| # include <strings.h>
| #endif
| #ifdef HAVE_INTTYPES_H
| # include <inttypes.h>
| #endif
| #ifdef HAVE_STDINT_H
| # include <stdint.h>
| #endif
| #ifdef HAVE_UNISTD_H
| # include <unistd.h>
| #endif
| int
| main ()
| {
| if (sizeof ((ssize_t)))
| 	    return 0;
|   ;
|   return 0;
| }
configure:6688: result: yes
configure:6701: checking for error_at_line
configure:6717: gcc -o conftest -g -O2 -Wall -fstack-protector -fPIE -D_FORTIFY_SOURCE=2   -fPIE -pie -Wl,-z,relro -Wl,-z,now conftest.c  >&5
configure:6717: $? = 0
configure:6725: result: yes
configure:6738: checking vfork.h usability
configure:6738: gcc -c -g -O2 -Wall -fstack-protector -fPIE -D_FORTIFY_SOURCE=2  conftest.c >&5
conftest.c:69:10: fatal error: vfork.h: No such file or directory
   69 | #include <vfork.h>
      |          ^~~~~~~~~
compilation terminated.
configure:6738: $? = 1
configure: failed program was:
| /* confdefs.h */
| #define PACKAGE_NAME "DOMjudge"
| #define PACKAGE_TARNAME "domjudge"
| #define PACKAGE_VERSION "7.2.0"
| #define PACKAGE_STRING "DOMjudge 7.2.0"
| #define PACKAGE_BUGREPORT "domjudge-devel@domjudge.org"
| #define PACKAGE_URL ""
| #define DOMJUDGE_VERSION "7.2.0"
| #define STDC_HEADERS 1
| #define HAVE_SYS_TYPES_H 1
| #define HAVE_SYS_STAT_H 1
| #define HAVE_STDLIB_H 1
| #define HAVE_STRING_H 1
| #define HAVE_MEMORY_H 1
| #define HAVE_STRINGS_H 1
| #define HAVE_INTTYPES_H 1
| #define HAVE_STDINT_H 1
| #define HAVE_UNISTD_H 1
| #define HAVE_CURL_CURL_H 1
| #define HAVE_JSONCPP_JSON_JSON_H 1
| #define _POSIX_C_SOURCE 200809L
| #define _XOPEN_SOURCE 500
| #define HAVE__BOOL 1
| #define HAVE_STDBOOL_H 1
| #define HAVE_FCNTL_H 1
| #define HAVE_STDLIB_H 1
| #define HAVE_STRING_H 1
| #define HAVE_SYS_PARAM_H 1
| #define HAVE_SYS_TIME_H 1
| #define HAVE_SYSLOG_H 1
| #define HAVE_TERMIOS_H 1
| #define HAVE_UNISTD_H 1
| #define HAVE_MAGIC_H 1
| #define HAVE_LIBCGROUP_H 1
| /* end confdefs.h.  */
| #include <stdio.h>
| #ifdef HAVE_SYS_TYPES_H
| # include <sys/types.h>
| #endif
| #ifdef HAVE_SYS_STAT_H
| # include <sys/stat.h>
| #endif
| #ifdef STDC_HEADERS
| # include <stdlib.h>
| # include <stddef.h>
| #else
| # ifdef HAVE_STDLIB_H
| #  include <stdlib.h>
| # endif
| #endif
| #ifdef HAVE_STRING_H
| # if !defined STDC_HEADERS && defined HAVE_MEMORY_H
| #  include <memory.h>
| # endif
| # include <string.h>
| #endif
| #ifdef HAVE_STRINGS_H
| # include <strings.h>
| #endif
| #ifdef HAVE_INTTYPES_H
| # include <inttypes.h>
| #endif
| #ifdef HAVE_STDINT_H
| # include <stdint.h>
| #endif
| #ifdef HAVE_UNISTD_H
| # include <unistd.h>
| #endif
| #include <vfork.h>
configure:6738: result: no
configure:6738: checking vfork.h presence
configure:6738: gcc -E  conftest.c
conftest.c:36:10: fatal error: vfork.h: No such file or directory
   36 | #include <vfork.h>
      |          ^~~~~~~~~
compilation terminated.
configure:6738: $? = 1
configure: failed program was:
| /* confdefs.h */
| #define PACKAGE_NAME "DOMjudge"
| #define PACKAGE_TARNAME "domjudge"
| #define PACKAGE_VERSION "7.2.0"
| #define PACKAGE_STRING "DOMjudge 7.2.0"
| #define PACKAGE_BUGREPORT "domjudge-devel@domjudge.org"
| #define PACKAGE_URL ""
| #define DOMJUDGE_VERSION "7.2.0"
| #define STDC_HEADERS 1
| #define HAVE_SYS_TYPES_H 1
| #define HAVE_SYS_STAT_H 1
| #define HAVE_STDLIB_H 1
| #define HAVE_STRING_H 1
| #define HAVE_MEMORY_H 1
| #define HAVE_STRINGS_H 1
| #define HAVE_INTTYPES_H 1
| #define HAVE_STDINT_H 1
| #define HAVE_UNISTD_H 1
| #define HAVE_CURL_CURL_H 1
| #define HAVE_JSONCPP_JSON_JSON_H 1
| #define _POSIX_C_SOURCE 200809L
| #define _XOPEN_SOURCE 500
| #define HAVE__BOOL 1
| #define HAVE_STDBOOL_H 1
| #define HAVE_FCNTL_H 1
| #define HAVE_STDLIB_H 1
| #define HAVE_STRING_H 1
| #define HAVE_SYS_PARAM_H 1
| #define HAVE_SYS_TIME_H 1
| #define HAVE_SYSLOG_H 1
| #define HAVE_TERMIOS_H 1
| #define HAVE_UNISTD_H 1
| #define HAVE_MAGIC_H 1
| #define HAVE_LIBCGROUP_H 1
| /* end confdefs.h.  */
| #include <vfork.h>
configure:6738: result: no
configure:6738: checking for vfork.h
configure:6738: result: no
configure:6751: checking for fork
configure:6751: gcc -o conftest -g -O2 -Wall -fstack-protector -fPIE -D_FORTIFY_SOURCE=2   -fPIE -pie -Wl,-z,relro -Wl,-z,now conftest.c  >&5
conftest.c:59:6: warning: conflicting types for built-in function 'fork'; expected 'int(void)' [-Wbuiltin-declaration-mismatch]
   59 | char fork ();
      |      ^~~~
configure:6751: $? = 0
configure:6751: result: yes
configure:6751: checking for vfork
configure:6751: gcc -o conftest -g -O2 -Wall -fstack-protector -fPIE -D_FORTIFY_SOURCE=2   -fPIE -pie -Wl,-z,relro -Wl,-z,now conftest.c  >&5
configure:6751: $? = 0
configure:6751: result: yes
configure:6761: checking for working fork
configure:6783: gcc -o conftest -g -O2 -Wall -fstack-protector -fPIE -D_FORTIFY_SOURCE=2   -fPIE -pie -Wl,-z,relro -Wl,-z,now conftest.c  >&5
configure:6783: $? = 0
configure:6783: ./conftest
configure:6783: $? = 0
configure:6793: result: yes
configure:6814: checking for working vfork
configure:6924: result: yes
configure:6951: checking for stdlib.h
configure:6951: result: yes
configure:6961: checking for GNU libc compatible malloc
configure:6985: gcc -o conftest -g -O2 -Wall -fstack-protector -fPIE -D_FORTIFY_SOURCE=2   -fPIE -pie -Wl,-z,relro -Wl,-z,now conftest.c  >&5
configure:6985: $? = 0
configure:6985: ./conftest
configure:6985: $? = 0
configure:6995: result: yes
configure:7018: checking for stdlib.h
configure:7018: result: yes
configure:7028: checking for GNU libc compatible realloc
configure:7052: gcc -o conftest -g -O2 -Wall -fstack-protector -fPIE -D_FORTIFY_SOURCE=2   -fPIE -pie -Wl,-z,relro -Wl,-z,now conftest.c  >&5
configure:7052: $? = 0
configure:7052: ./conftest
configure:7052: $? = 0
configure:7062: result: yes
configure:7083: checking for working strtod
configure:7124: gcc -o conftest -g -O2 -Wall -fstack-protector -fPIE -D_FORTIFY_SOURCE=2   -fPIE -pie -Wl,-z,relro -Wl,-z,now conftest.c  >&5
configure:7124: $? = 0
configure:7124: ./conftest
configure:7124: $? = 0
configure:7134: result: yes
configure:7196: checking for atexit
configure:7196: gcc -o conftest -g -O2 -Wall -fstack-protector -fPIE -D_FORTIFY_SOURCE=2   -fPIE -pie -Wl,-z,relro -Wl,-z,now conftest.c  >&5
configure:7196: $? = 0
configure:7196: result: yes
configure:7209: checking for dup2
configure:7209: gcc -o conftest -g -O2 -Wall -fstack-protector -fPIE -D_FORTIFY_SOURCE=2   -fPIE -pie -Wl,-z,relro -Wl,-z,now conftest.c  >&5
configure:7209: $? = 0
configure:7209: result: yes
configure:7222: checking for getcwd
configure:7222: gcc -o conftest -g -O2 -Wall -fstack-protector -fPIE -D_FORTIFY_SOURCE=2   -fPIE -pie -Wl,-z,relro -Wl,-z,now conftest.c  >&5
configure:7222: $? = 0
configure:7222: result: yes
configure:7235: checking for gettimeofday
configure:7235: gcc -o conftest -g -O2 -Wall -fstack-protector -fPIE -D_FORTIFY_SOURCE=2   -fPIE -pie -Wl,-z,relro -Wl,-z,now conftest.c  >&5
configure:7235: $? = 0
configure:7235: result: yes
configure:7248: checking for memset
configure:7248: gcc -o conftest -g -O2 -Wall -fstack-protector -fPIE -D_FORTIFY_SOURCE=2   -fPIE -pie -Wl,-z,relro -Wl,-z,now conftest.c  >&5
conftest.c:71:6: warning: conflicting types for built-in function 'memset'; expected 'void *(void *, int,  long unsigned int)' [-Wbuiltin-declaration-mismatch]
   71 | char memset ();
      |      ^~~~~~
conftest.c:59:1: note: 'memset' is declared in header '<string.h>'
   58 | # include <limits.h>
   59 | #else
configure:7248: $? = 0
configure:7248: result: yes
configure:7261: checking for mkdir
configure:7261: gcc -o conftest -g -O2 -Wall -fstack-protector -fPIE -D_FORTIFY_SOURCE=2   -fPIE -pie -Wl,-z,relro -Wl,-z,now conftest.c  >&5
configure:7261: $? = 0
configure:7261: result: yes
configure:7274: checking for realpath
configure:7274: gcc -o conftest -g -O2 -Wall -fstack-protector -fPIE -D_FORTIFY_SOURCE=2   -fPIE -pie -Wl,-z,relro -Wl,-z,now conftest.c  >&5
configure:7274: $? = 0
configure:7274: result: yes
configure:7287: checking for setenv
configure:7287: gcc -o conftest -g -O2 -Wall -fstack-protector -fPIE -D_FORTIFY_SOURCE=2   -fPIE -pie -Wl,-z,relro -Wl,-z,now conftest.c  >&5
configure:7287: $? = 0
configure:7287: result: yes
configure:7300: checking for socket
configure:7300: gcc -o conftest -g -O2 -Wall -fstack-protector -fPIE -D_FORTIFY_SOURCE=2   -fPIE -pie -Wl,-z,relro -Wl,-z,now conftest.c  >&5
configure:7300: $? = 0
configure:7300: result: yes
configure:7313: checking for strchr
configure:7313: gcc -o conftest -g -O2 -Wall -fstack-protector -fPIE -D_FORTIFY_SOURCE=2   -fPIE -pie -Wl,-z,relro -Wl,-z,now conftest.c  >&5
conftest.c:76:6: warning: conflicting types for built-in function 'strchr'; expected 'char *(const char *, int)' [-Wbuiltin-declaration-mismatch]
   76 | char strchr ();
      |      ^~~~~~
conftest.c:64:1: note: 'strchr' is declared in header '<string.h>'
   63 | # include <limits.h>
   64 | #else
configure:7313: $? = 0
configure:7313: result: yes
configure:7326: checking for strdup
configure:7326: gcc -o conftest -g -O2 -Wall -fstack-protector -fPIE -D_FORTIFY_SOURCE=2   -fPIE -pie -Wl,-z,relro -Wl,-z,now conftest.c  >&5
conftest.c:77:6: warning: conflicting types for built-in function 'strdup'; expected 'char *(const char *)' [-Wbuiltin-declaration-mismatch]
   77 | char strdup ();
      |      ^~~~~~
configure:7326: $? = 0
configure:7326: result: yes
configure:7339: checking for strerror
configure:7339: gcc -o conftest -g -O2 -Wall -fstack-protector -fPIE -D_FORTIFY_SOURCE=2   -fPIE -pie -Wl,-z,relro -Wl,-z,now conftest.c  >&5
configure:7339: $? = 0
configure:7339: result: yes
configure:7352: checking for strncasecmp
configure:7352: gcc -o conftest -g -O2 -Wall -fstack-protector -fPIE -D_FORTIFY_SOURCE=2   -fPIE -pie -Wl,-z,relro -Wl,-z,now conftest.c  >&5
conftest.c:79:6: warning: conflicting types for built-in function 'strncasecmp'; expected 'int(const char *, const char *, long unsigned int)' [-Wbuiltin-declaration-mismatch]
   79 | char strncasecmp ();
      |      ^~~~~~~~~~~
configure:7352: $? = 0
configure:7352: result: yes
configure:7365: checking for strrchr
configure:7365: gcc -o conftest -g -O2 -Wall -fstack-protector -fPIE -D_FORTIFY_SOURCE=2   -fPIE -pie -Wl,-z,relro -Wl,-z,now conftest.c  >&5
conftest.c:80:6: warning: conflicting types for built-in function 'strrchr'; expected 'char *(const char *, int)' [-Wbuiltin-declaration-mismatch]
   80 | char strrchr ();
      |      ^~~~~~~
conftest.c:68:1: note: 'strrchr' is declared in header '<string.h>'
   67 | # include <limits.h>
   68 | #else
configure:7365: $? = 0
configure:7365: result: yes
configure:7378: checking for strstr
configure:7378: gcc -o conftest -g -O2 -Wall -fstack-protector -fPIE -D_FORTIFY_SOURCE=2   -fPIE -pie -Wl,-z,relro -Wl,-z,now conftest.c  >&5
conftest.c:81:6: warning: conflicting types for built-in function 'strstr'; expected 'char *(const char *, const char *)' [-Wbuiltin-declaration-mismatch]
   81 | char strstr ();
      |      ^~~~~~
conftest.c:69:1: note: 'strstr' is declared in header '<string.h>'
   68 | # include <limits.h>
   69 | #else
configure:7378: $? = 0
configure:7378: result: yes
configure:7391: checking for strtol
configure:7391: gcc -o conftest -g -O2 -Wall -fstack-protector -fPIE -D_FORTIFY_SOURCE=2   -fPIE -pie -Wl,-z,relro -Wl,-z,now conftest.c  >&5
configure:7391: $? = 0
configure:7391: result: yes
configure:7514: creating ./config.status

## ---------------------- ##
## Running config.status. ##
## ---------------------- ##

This file was extended by DOMjudge config.status 7.2.0, which was
generated by GNU Autoconf 2.69.  Invocation command line was

  CONFIG_FILES    = 
  CONFIG_HEADERS  = 
  CONFIG_LINKS    = 
  CONFIG_COMMANDS = 
  $ ./config.status 

on 4a914a8c382f

config.status:894: creating paths.mk
config.status:894: creating etc/config.h
config.status:1075: etc/config.h is unchanged

## ---------------- ##
## Cache variables. ##
## ---------------- ##

ac_cv_c_compiler_gnu=yes
ac_cv_c_inline=inline
ac_cv_cxx_compiler_gnu=yes
ac_cv_env_CCC_set=
ac_cv_env_CCC_value=
ac_cv_env_CC_set=
ac_cv_env_CC_value=
ac_cv_env_CFLAGS_set=
ac_cv_env_CFLAGS_value=
ac_cv_env_CPPFLAGS_set=
ac_cv_env_CPPFLAGS_value=
ac_cv_env_CPP_set=
ac_cv_env_CPP_value=
ac_cv_env_CURL_CFLAGS_set=
ac_cv_env_CURL_CFLAGS_value=
ac_cv_env_CURL_CONFIG_set=
ac_cv_env_CURL_CONFIG_value=
ac_cv_env_CURL_LIBS_set=
ac_cv_env_CURL_LIBS_value=
ac_cv_env_CXXCPP_set=
ac_cv_env_CXXCPP_value=
ac_cv_env_CXXFLAGS_set=
ac_cv_env_CXXFLAGS_value=
ac_cv_env_CXX_set=
ac_cv_env_CXX_value=
ac_cv_env_LDFLAGS_set=
ac_cv_env_LDFLAGS_value=
ac_cv_env_LIBS_set=
ac_cv_env_LIBS_value=
ac_cv_env_build_alias_set=
ac_cv_env_build_alias_value=
ac_cv_env_host_alias_set=
ac_cv_env_host_alias_value=
ac_cv_env_target_alias_set=
ac_cv_env_target_alias_value=
ac_cv_func_atexit=yes
ac_cv_func_dup2=yes
ac_cv_func_fork=yes
ac_cv_func_fork_works=yes
ac_cv_func_getcwd=yes
ac_cv_func_gettimeofday=yes
ac_cv_func_malloc_0_nonnull=yes
ac_cv_func_memset=yes
ac_cv_func_mkdir=yes
ac_cv_func_realloc_0_nonnull=yes
ac_cv_func_realpath=yes
ac_cv_func_setenv=yes
ac_cv_func_socket=yes
ac_cv_func_strchr=yes
ac_cv_func_strdup=yes
ac_cv_func_strerror=yes
ac_cv_func_strncasecmp=yes
ac_cv_func_strrchr=yes
ac_cv_func_strstr=yes
ac_cv_func_strtod=yes
ac_cv_func_strtol=yes
ac_cv_func_vfork=yes
ac_cv_func_vfork_works=yes
ac_cv_header_curl_curl_h=yes
ac_cv_header_fcntl_h=yes
ac_cv_header_inttypes_h=yes
ac_cv_header_jsoncpp_json_json_h=yes
ac_cv_header_libcgroup_h=yes
ac_cv_header_magic_h=yes
ac_cv_header_memory_h=yes
ac_cv_header_stdbool_h=yes
ac_cv_header_stdc=yes
ac_cv_header_stdint_h=yes
ac_cv_header_stdlib_h=yes
ac_cv_header_string_h=yes
ac_cv_header_strings_h=yes
ac_cv_header_sys_param_h=yes
ac_cv_header_sys_stat_h=yes
ac_cv_header_sys_time_h=yes
ac_cv_header_sys_types_h=yes
ac_cv_header_syslog_h=yes
ac_cv_header_termios_h=yes
ac_cv_header_unistd_h=yes
ac_cv_header_vfork_h=no
ac_cv_lib_cgroup_cgroup_init=yes
ac_cv_lib_error_at_line=yes
ac_cv_lib_magic_magic_open=yes
ac_cv_objext=o
ac_cv_path_CURL_CONFIG=/usr/bin/curl-config
ac_cv_path_EGREP='/usr/bin/grep -E'
ac_cv_path_GREP=/usr/bin/grep
ac_cv_path_SED=/usr/bin/sed
ac_cv_path_install='/usr/bin/install -c'
ac_cv_path_mkdir=/usr/bin/mkdir
ac_cv_prog_AWK=gawk
ac_cv_prog_CPP='gcc -E'
ac_cv_prog_CXXCPP='g++ -E'
ac_cv_prog_ac_ct_CC=gcc
ac_cv_prog_ac_ct_CXX=g++
ac_cv_prog_cc_c89=
ac_cv_prog_cc_g=yes
ac_cv_prog_cxx_g=yes
ac_cv_prog_make_make_set=yes
ac_cv_type__Bool=yes
ac_cv_type_pid_t=yes
ac_cv_type_size_t=yes
ac_cv_type_ssize_t=yes
ax_cv_check_cflags___D_FORTIFY_SOURCE_2=yes
ax_cv_check_cflags___Wall=yes
ax_cv_check_cflags___fPIE=yes
ax_cv_check_cflags___fstack_protector=yes
ax_cv_check_ldflags___Wl__z_now=yes
ax_cv_check_ldflags___Wl__z_relro=yes
ax_cv_check_ldflags___fPIE=yes
ax_cv_check_ldflags___pie=yes

## ----------------- ##
## Output variables. ##
## ----------------- ##

AWK='gawk'
BASEURL='http://34.224.1.58:12345/'
BASEURL_UNCONFIGURED=''
CC='gcc'
CFLAGS='-g -O2 -Wall -fstack-protector -fPIE -D_FORTIFY_SOURCE=2'
CPP='gcc -E'
CPPFLAGS=''
CURL_CFLAGS=''
CURL_CONFIG='/usr/bin/curl-config'
CURL_LIBS='-lcurl'
CURL_STATIC=''
CXX='g++'
CXXCPP='g++ -E'
CXXFLAGS='-g -O2 -Wall -fstack-protector -fPIE -D_FORTIFY_SOURCE=2'
DEFS='-DHAVE_CONFIG_H'
DOC_BUILD_ENABLED='yes'
DOMJUDGE_USER=''
DOMJUDGE_VERSION='7.2.0'
ECHO_C=''
ECHO_N='-n'
ECHO_T=''
EGREP='/usr/bin/grep -E'
EXEEXT=''
FHS_ENABLED='no'
GREP='/usr/bin/grep'
INSTALL_DATA='${INSTALL} -m 644'
INSTALL_PROGRAM='${INSTALL}'
INSTALL_SCRIPT='${INSTALL}'
LDFLAGS=' -fPIE -pie -Wl,-z,relro -Wl,-z,now'
LIBCGROUP='-lcgroup'
LIBJSONCPP='-ljsoncpp'
LIBMAGIC='-lmagic'
LIBOBJS=''
LIBS=''
LN_S='ln -s'
LTLIBOBJS=''
MKDIR_P='/usr/bin/mkdir -p'
OBJEXT='o'
PACKAGE_BUGREPORT='domjudge-devel@domjudge.org'
PACKAGE_NAME='DOMjudge'
PACKAGE_STRING='DOMjudge 7.2.0'
PACKAGE_TARNAME='domjudge'
PACKAGE_URL=''
PACKAGE_VERSION='7.2.0'
PATH_SEPARATOR=':'
POW_LIB=''
RUNGROUP='domjudge-run'
RUNUSER='domjudge-run'
SED='/usr/bin/sed'
SET_MAKE=''
SHELL='/bin/bash'
STATIC_LINK_END=''
STATIC_LINK_START=''
SUBMITCLIENT_ENABLED='yes'
WEBSERVER_GROUP='www-data'
ac_ct_CC='gcc'
ac_ct_CXX='g++'
bindir='${exec_prefix}/bin'
build_alias=''
datadir='${datarootdir}'
datarootdir='${prefix}/share'
docdir='${datarootdir}/doc/${PACKAGE_TARNAME}'
domjudge_docdir='/opt/domjudge/doc'
domserver_bindir='/opt/domjudge/domserver/bin'
domserver_etcdir='/opt/domjudge/domserver/etc'
domserver_libdir='/opt/domjudge/domserver/lib'
domserver_libvendordir='/opt/domjudge/domserver/lib/vendor'
domserver_logdir='/opt/domjudge/domserver/log'
domserver_root='/opt/domjudge/domserver'
domserver_rundir='/opt/domjudge/domserver/run'
domserver_sqldir='/opt/domjudge/domserver/sql'
domserver_submitdir='/opt/domjudge/domserver/submissions'
domserver_tmpdir='/opt/domjudge/domserver/tmp'
domserver_webappdir='/opt/domjudge/domserver/webapp'
dvidir='${docdir}'
exec_prefix='${prefix}'
host_alias=''
htmldir='${docdir}'
includedir='${prefix}/include'
infodir='${datarootdir}/info'
judgehost_bindir='/opt/domjudge/judgehost/bin'
judgehost_cgroupdir='/sys/fs/cgroup'
judgehost_chrootdir='/chroot/domjudge'
judgehost_etcdir='/opt/domjudge/judgehost/etc'
judgehost_judgedir='/opt/domjudge/judgehost/judgings'
judgehost_libdir='/opt/domjudge/judgehost/lib'
judgehost_libjudgedir='/opt/domjudge/judgehost/lib/judge'
judgehost_libvendordir='/opt/domjudge/judgehost/lib/vendor'
judgehost_logdir='/opt/domjudge/judgehost/log'
judgehost_root='/opt/domjudge/judgehost'
judgehost_rundir='/opt/domjudge/judgehost/run'
judgehost_tmpdir='/opt/domjudge/judgehost/tmp'
libdir='${exec_prefix}/lib'
libexecdir='${exec_prefix}/libexec'
localedir='${datarootdir}/locale'
localstatedir='${prefix}/var'
mandir='${datarootdir}/man'
oldincludedir='/usr/include'
pdfdir='${docdir}'
prefix='/opt/domjudge'
program_transform_name='s,x,x,'
psdir='${docdir}'
runstatedir='${localstatedir}/run'
sbindir='${exec_prefix}/sbin'
sharedstatedir='${prefix}/com'
sysconfdir='${prefix}/etc'
target_alias=''

## ----------- ##
## confdefs.h. ##
## ----------- ##

/* confdefs.h */
#define PACKAGE_NAME "DOMjudge"
#define PACKAGE_TARNAME "domjudge"
#define PACKAGE_VERSION "7.2.0"
#define PACKAGE_STRING "DOMjudge 7.2.0"
#define PACKAGE_BUGREPORT "domjudge-devel@domjudge.org"
#define PACKAGE_URL ""
#define DOMJUDGE_VERSION "7.2.0"
#define STDC_HEADERS 1
#define HAVE_SYS_TYPES_H 1
#define HAVE_SYS_STAT_H 1
#define HAVE_STDLIB_H 1
#define HAVE_STRING_H 1
#define HAVE_MEMORY_H 1
#define HAVE_STRINGS_H 1
#define HAVE_INTTYPES_H 1
#define HAVE_STDINT_H 1
#define HAVE_UNISTD_H 1
#define HAVE_CURL_CURL_H 1
#define HAVE_JSONCPP_JSON_JSON_H 1
#define _POSIX_C_SOURCE 200809L
#define _XOPEN_SOURCE 500
#define HAVE__BOOL 1
#define HAVE_STDBOOL_H 1
#define HAVE_FCNTL_H 1
#define HAVE_STDLIB_H 1
#define HAVE_STRING_H 1
#define HAVE_SYS_PARAM_H 1
#define HAVE_SYS_TIME_H 1
#define HAVE_SYSLOG_H 1
#define HAVE_TERMIOS_H 1
#define HAVE_UNISTD_H 1
#define HAVE_MAGIC_H 1
#define HAVE_LIBCGROUP_H 1
#define HAVE_FORK 1
#define HAVE_VFORK 1
#define HAVE_WORKING_VFORK 1
#define HAVE_WORKING_FORK 1
#define HAVE_STDLIB_H 1
#define HAVE_MALLOC 1
#define HAVE_STDLIB_H 1
#define HAVE_REALLOC 1
#define HAVE_ATEXIT 1
#define HAVE_DUP2 1
#define HAVE_GETCWD 1
#define HAVE_GETTIMEOFDAY 1
#define HAVE_MEMSET 1
#define HAVE_MKDIR 1
#define HAVE_REALPATH 1
#define HAVE_SETENV 1
#define HAVE_SOCKET 1
#define HAVE_STRCHR 1
#define HAVE_STRDUP 1
#define HAVE_STRERROR 1
#define HAVE_STRNCASECMP 1
#define HAVE_STRRCHR 1
#define HAVE_STRSTR 1
#define HAVE_STRTOL 1

configure: exit 0
